Found the following potential type missmatches (This is a warning for developers and should be handled carefully):
	-> MPI_Aint==int? (first occurence: Mapping of calculation "IntegerChecks:errorIfLessThanZero" to call "MPI_Type_create_resized")
	-> MPI_Aint*==void*? (first occurence: Mapping of calculation "BasicIntegrities:errorIfNull" to call "MPI_Address")
	-> MPI_Comm==int? (first occurence: Mapping of calculation "convertDatatypes2int" to call "MPI_Neighbor_alltoallw")
	-> MPI_Comm*==uint64_t? (first occurence: Mapping of calculation "RequestCondition:commIdup" to call "MPI_Comm_idup")
	-> MPI_Comm*==void*? (first occurence: Mapping of calculation "BasicIntegrities:errorIfNull" to call "MPI_Cart_create")
	-> MPI_Datatype*==void*? (first occurence: Mapping of calculation "BasicIntegrities:errorIfNull" to call "MPI_Type_commit")
	-> MPI_Errhandler*==void*? (first occurence: Mapping of calculation "BasicIntegrities:errorIfNull" to call "MPI_Errhandler_create")
	-> MPI_Group*==void*? (first occurence: Mapping of calculation "BasicIntegrities:errorIfNull" to call "MPI_Comm_group")
	-> MPI_Op*==void*? (first occurence: Mapping of calculation "BasicIntegrities:errorIfNull" to call "MPI_Op_create")
	-> MPI_Request*==void*? (first occurence: Mapping of calculation "BasicIntegrities:errorIfNull" to call "MPI_Bsend_init")
	-> MPI_Status*==void*? (first occurence: Mapping of calculation "BasicIntegrities:errorIfNullStatus" to call "MPI_Get_count")
	-> char*==const char*? (first occurence: Mapping of calculation "provideLocationIdStorage" to call "MPI_Abort")
	-> char*==void*? (first occurence: Mapping of calculation "BasicIntegrities:errorIfNull" to call "MPI_Error_string")
	-> int==int*? (first occurence: Mapping of calculation "KeyvalTrack:addPredefineds" to call "MPI_Init")
	-> int==int64_t? (first occurence: Mapping of calculation "WinTrack:addWin" to call "MPI_Win_allocate")
	-> int==unsigned long? (first occurence: Mapping of calculation "DP2PMatch:send" to call "MPI_Bsend")
	-> int*==void*? (first occurence: Mapping of calculation "BasicIntegrities:errorIfNullCommSize" to call "MPI_Allgatherv")
	-> int**==void*? (first occurence: Mapping of calculation "BasicIntegrities:errorIfNullCondition" to call "MPI_Group_range_excl")
	-> size_t==uint64_t? (first occurence: Mapping of calculation "MessageReduction:reduceStrided" to call "handleNewMessageReduced")
	-> uint64_t==uint64_t*? (first occurence: Mapping of calculation "InitLocationId:init" to call "MPI_Abort")
	-> uint64_t==unsigned long? (first occurence: Mapping of calculation "DP2PMatch:startPersistent" to call "splitStart")
	-> uint64_t==void*? (first occurence: Mapping of calculation "RequestCondition:commIdup" to call "MPI_Comm_idup")
