N=1024
T=512000
R=128
Step t=0:	X                                @                                                                                       X
Step t=10000:	X                ..-::=+^X%@@@@@@@@@@@@%#^*=::-...                                                                       X
Step t=20000:	X         ...--::==+*^X#@@@@@@@@@@@@@@@@@@%X^*++=::--...                                                                 X
Step t=30000:	X  ......---::=++*^X##@@@@@@@@@@@@@@@@@@@@@@%#X^*++=:::--....                                                            X
Step t=40000:	X------:::==++**^XX#%@@@@@@@@@@@@@@@@@@@@@@@@%##X^**+==:::---.....                                                       X
Step t=50000:	X:::::===+++**^XX#%@@@@@@@@@@@@@@@@@@@@@@@@@@@@%#XX^**++==:::---......                                                   X
Step t=60000:	X===++++***^^XX#%%@@@@@@@@@@@@@@@@@@@@@@@@@@@@@@%##X^^**++==:::----......                                                X
Step t=70000:	X******^^^XXX##%@@@@@@@@@@@@@@@@@@@@@@@@@@@@@@@@@%##XX^^**++==::::----......                                             X
Step t=80000:	X^^^^^^XXX##%%%@@@@@@@@@@@@@@@@@@@@@@@@@@@@@@@@@@@%%#XX^^**+++==::::----.......                                          X
Step t=90000:	XXXXXX####%%@@@@@@@@@@@@@@@@@@@@@@@@@@@@@@@@@@@@@@@%%##X^^^**++===::::-----.......                                       X
Step t=100000:	X#####%%%%@@@@@@@@@@@@@@@@@@@@@@@@@@@@@@@@@@@@@@@@@@%%##XX^^**+++===::::-----.......                                     X
Step t=110000:	X%%%%@@@@@@@@@@@@@@@@@@@@@@@@@@@@@@@@@@@@@@@@@@@@@@@@%%##XX^^***++====::::-----........                                  X
Step t=120000:	X@@@@@@@@@@@@@@@@@@@@@@@@@@@@@@@@@@@@@@@@@@@@@@@@@@@@@%%##XX^^***+++===:::::-----........                                X
Step t=130000:	X@@@@@@@@@@@@@@@@@@@@@@@@@@@@@@@@@@@@@@@@@@@@@@@@@@@@@@%%##XX^^^**+++====::::------.........                             X
Step t=140000:	X@@@@@@@@@@@@@@@@@@@@@@@@@@@@@@@@@@@@@@@@@@@@@@@@@@@@@@%%%##XX^^^***+++===:::::------.........                           X
Step t=150000:	X@@@@@@@@@@@@@@@@@@@@@@@@@@@@@@@@@@@@@@@@@@@@@@@@@@@@@@@%%###XX^^^***+++====::::-------.........                         X
Step t=160000:	X@@@@@@@@@@@@@@@@@@@@@@@@@@@@@@@@@@@@@@@@@@@@@@@@@@@@@@@@%%###XX^^^***+++====:::::------..........                       X
Step t=170000:	X@@@@@@@@@@@@@@@@@@@@@@@@@@@@@@@@@@@@@@@@@@@@@@@@@@@@@@@@@%%##XXX^^^***++++====:::::------..........                     X
Step t=180000:	X@@@@@@@@@@@@@@@@@@@@@@@@@@@@@@@@@@@@@@@@@@@@@@@@@@@@@@@@@%%%##XXX^^^***++++====:::::-------..........                   X
Step t=190000:	X@@@@@@@@@@@@@@@@@@@@@@@@@@@@@@@@@@@@@@@@@@@@@@@@@@@@@@@@@@%%###XXX^^^***++++====:::::-------...........                 X
Step t=200000:	X@@@@@@@@@@@@@@@@@@@@@@@@@@@@@@@@@@@@@@@@@@@@@@@@@@@@@@@@@@@%%###XXX^^^***++++====::::::-------...........               X
Step t=210000:	X@@@@@@@@@@@@@@@@@@@@@@@@@@@@@@@@@@@@@@@@@@@@@@@@@@@@@@@@@@@%%%###XXX^^^***++++=====:::::-------............             X
Step t=220000:	X@@@@@@@@@@@@@@@@@@@@@@@@@@@@@@@@@@@@@@@@@@@@@@@@@@@@@@@@@@@@%%%##XXX^^^^***++++=====:::::--------............           X
Step t=230000:	X@@@@@@@@@@@@@@@@@@@@@@@@@@@@@@@@@@@@@@@@@@@@@@@@@@@@@@@@@@@@@%%###XXX^^^****++++=====::::::-------.............         X
Step t=240000:	X@@@@@@@@@@@@@@@@@@@@@@@@@@@@@@@@@@@@@@@@@@@@@@@@@@@@@@@@@@@@@%%%###XXX^^^****++++=====::::::--------.............       X
Step t=250000:	X@@@@@@@@@@@@@@@@@@@@@@@@@@@@@@@@@@@@@@@@@@@@@@@@@@@@@@@@@@@@@@%%%###XXX^^^****++++=====::::::--------..............     X
Step t=260000:	X@@@@@@@@@@@@@@@@@@@@@@@@@@@@@@@@@@@@@@@@@@@@@@@@@@@@@@@@@@@@@@%%%###XXXX^^^****++++=====:::::::--------...............  X
Step t=270000:	X@@@@@@@@@@@@@@@@@@@@@@@@@@@@@@@@@@@@@@@@@@@@@@@@@@@@@@@@@@@@@@@%%%###XXX^^^^****++++=====:::::::--------................X
Step t=280000:	X@@@@@@@@@@@@@@@@@@@@@@@@@@@@@@@@@@@@@@@@@@@@@@@@@@@@@@@@@@@@@@@@%%####XXX^^^^****++++======::::::---------..............X
Step t=290000:	X@@@@@@@@@@@@@@@@@@@@@@@@@@@@@@@@@@@@@@@@@@@@@@@@@@@@@@@@@@@@@@@@%%%###XXXX^^^*****++++======::::::----------............X
Step t=300000:	X@@@@@@@@@@@@@@@@@@@@@@@@@@@@@@@@@@@@@@@@@@@@@@@@@@@@@@@@@@@@@@@@@%%%###XXX^^^^****+++++======:::::::----------..........X
Step t=310000:	X@@@@@@@@@@@@@@@@@@@@@@@@@@@@@@@@@@@@@@@@@@@@@@@@@@@@@@@@@@@@@@@@@%%%####XXX^^^^****+++++======:::::::----------.........X
Step t=320000:	X@@@@@@@@@@@@@@@@@@@@@@@@@@@@@@@@@@@@@@@@@@@@@@@@@@@@@@@@@@@@@@@@@@%%%###XXXX^^^^****+++++======:::::::-----------.......X
Step t=330000:	X@@@@@@@@@@@@@@@@@@@@@@@@@@@@@@@@@@@@@@@@@@@@@@@@@@@@@@@@@@@@@@@@@@%%%####XXXX^^^^****+++++======::::::::------------....X
Step t=340000:	X@@@@@@@@@@@@@@@@@@@@@@@@@@@@@@@@@@@@@@@@@@@@@@@@@@@@@@@@@@@@@@@@@@@%%%###XXXX^^^^*****+++++======::::::::--------------.X
Step t=350000:	X@@@@@@@@@@@@@@@@@@@@@@@@@@@@@@@@@@@@@@@@@@@@@@@@@@@@@@@@@@@@@@@@@@@%%%%###XXXX^^^^*****+++++======:::::::::-------------X
Step t=360000:	X@@@@@@@@@@@@@@@@@@@@@@@@@@@@@@@@@@@@@@@@@@@@@@@@@@@@@@@@@@@@@@@@@@@@%%%####XXXX^^^^*****+++++======:::::::::------------X
Step t=370000:	X@@@@@@@@@@@@@@@@@@@@@@@@@@@@@@@@@@@@@@@@@@@@@@@@@@@@@@@@@@@@@@@@@@@@%%%%###XXXX^^^^^****++++++=======:::::::::----------X
Step t=380000:	X@@@@@@@@@@@@@@@@@@@@@@@@@@@@@@@@@@@@@@@@@@@@@@@@@@@@@@@@@@@@@@@@@@@@@%%%####XXXX^^^^*****++++++=======::::::::::--------X
Step t=390000:	X@@@@@@@@@@@@@@@@@@@@@@@@@@@@@@@@@@@@@@@@@@@@@@@@@@@@@@@@@@@@@@@@@@@@@%%%%####XXXX^^^^*****++++++=======:::::::::::------X
Step t=400000:	X@@@@@@@@@@@@@@@@@@@@@@@@@@@@@@@@@@@@@@@@@@@@@@@@@@@@@@@@@@@@@@@@@@@@@@%%%####XXXX^^^^^*****++++++=======::::::::::::----X
Step t=410000:	X@@@@@@@@@@@@@@@@@@@@@@@@@@@@@@@@@@@@@@@@@@@@@@@@@@@@@@@@@@@@@@@@@@@@@@%%%%####XXXX^^^^^*****++++++========:::::::::::::-X
Step t=420000:	X@@@@@@@@@@@@@@@@@@@@@@@@@@@@@@@@@@@@@@@@@@@@@@@@@@@@@@@@@@@@@@@@@@@@@@@%%%####XXXXX^^^^******++++++========:::::::::::::X
Step t=430000:	X@@@@@@@@@@@@@@@@@@@@@@@@@@@@@@@@@@@@@@@@@@@@@@@@@@@@@@@@@@@@@@@@@@@@@@@%%%%####XXXX^^^^^******++++++=========:::::::::::X
Step t=440000:	X@@@@@@@@@@@@@@@@@@@@@@@@@@@@@@@@@@@@@@@@@@@@@@@@@@@@@@@@@@@@@@@@@@@@@@@@%%%%####XXXX^^^^^******++++++==========:::::::::X
Step t=450000:	X@@@@@@@@@@@@@@@@@@@@@@@@@@@@@@@@@@@@@@@@@@@@@@@@@@@@@@@@@@@@@@@@@@@@@@@@%%%%####XXXXX^^^^^*****++++++++=========::::::::X
Step t=460000:	X@@@@@@@@@@@@@@@@@@@@@@@@@@@@@@@@@@@@@@@@@@@@@@@@@@@@@@@@@@@@@@@@@@@@@@@@@%%%%####XXXX^^^^^^*****++++++++==========::::::X
Step t=470000:	X@@@@@@@@@@@@@@@@@@@@@@@@@@@@@@@@@@@@@@@@@@@@@@@@@@@@@@@@@@@@@@@@@@@@@@@@@%%%%####XXXXX^^^^^******++++++++============:::X
Step t=480000:	X@@@@@@@@@@@@@@@@@@@@@@@@@@@@@@@@@@@@@@@@@@@@@@@@@@@@@@@@@@@@@@@@@@@@@@@@@@%%%%####XXXXX^^^^^******++++++++==============X
Step t=490000:	X@@@@@@@@@@@@@@@@@@@@@@@@@@@@@@@@@@@@@@@@@@@@@@@@@@@@@@@@@@@@@@@@@@@@@@@@@@%%%%#####XXXXX^^^^^*******++++++++============X
Step t=500000:	X@@@@@@@@@@@@@@@@@@@@@@@@@@@@@@@@@@@@@@@@@@@@@@@@@@@@@@@@@@@@@@@@@@@@@@@@@@@%%%%####XXXXX^^^^^^*******++++++++===========X
Step t=510000:	X@@@@@@@@@@@@@@@@@@@@@@@@@@@@@@@@@@@@@@@@@@@@@@@@@@@@@@@@@@@@@@@@@@@@@@@@@@@%%%%#####XXXXX^^^^^^*******+++++++++=========X
Final:		X@@@@@@@@@@@@@@@@@@@@@@@@@@@@@@@@@@@@@@@@@@@@@@@@@@@@@@@@@@@@@@@@@@@@@@@@@@@%%%%#####XXXXX^^^^^^*******++++++++++========X
Verification: OK
Time: 0.966737s
