startedStep t=0:
	XXXXXXXXXXXXXXXXXXXXXXXXXXXXXXXXXXXXXXXXXXXXXXXXXXXX
	X                                                  X
	X                                                  X
	X                                                  X
	X                                                  X
	X                                                  X
	X                                                  X
	X                                                  X
	X                                                  X
	X                                                  X
	X                                                  X
	X                                                  X
	X                                                  X
	X            @                                     X
	X                                                  X
	X                                                  X
	X                                                  X
	X                                                  X
	X                                                  X
	X                                                  X
	X                                                  X
	X                                                  X
	X                                                  X
	X                                                  X
	X                                                  X
	X                                                  X
	X                                                  X
	X                                                  X
	X                                                  X
	X                                                  X
	X                                                  X
	X                                                  X
	X                                                  X
	X                                                  X
	X                                                  X
	X                                                  X
	X                                                  X
	X                                                  X
	X                                                  X
	X                                                  X
	X                                                  X
	X                                                  X
	X                                                  X
	X                                                  X
	X                                                  X
	X                                                  X
	X                                                  X
	X                                                  X
	X                                                  X
	X                                                  X
	X                                                  X
	XXXXXXXXXXXXXXXXXXXXXXXXXXXXXXXXXXXXXXXXXXXXXXXXXXXX

Step t=10000:
	XXXXXXXXXXXXXXXXXXXXXXXXXXXXXXXXXXXXXXXXXXXXXXXXXXXX
	X                                                  X
	X                                                  X
	X                                                  X
	X                                                  X
	X                                                  X
	X                                                  X
	X                                                  X
	X           ....                                   X
	X         ........                                 X
	X        ..------..                                X
	X        .-::==:-..                                X
	X       ..-:+^^+:-.                                X
	X       ..-=^@@*:-..                               X
	X       ..-=^@@+:-..                               X
	X       ..-:+*+=:-.                                X
	X        .--::::-..                                X
	X        ...----..                                 X
	X         .......                                  X
	X            ..                                    X
	X                                                  X
	X                                                  X
	X                                                  X
	X                                                  X
	X                                                  X
	X                                                  X
	X                                                  X
	X                                                  X
	X                                                  X
	X                                                  X
	X                                                  X
	X                                                  X
	X                                                  X
	X                                                  X
	X                                                  X
	X                                                  X
	X                                                  X
	X                                                  X
	X                                                  X
	X                                                  X
	X                                                  X
	X                                                  X
	X                                                  X
	X                                                  X
	X                                                  X
	X                                                  X
	X                                                  X
	X                                                  X
	X                                                  X
	X                                                  X
	X                                                  X
	XXXXXXXXXXXXXXXXXXXXXXXXXXXXXXXXXXXXXXXXXXXXXXXXXXXX

Step t=20000:
	XXXXXXXXXXXXXXXXXXXXXXXXXXXXXXXXXXXXXXXXXXXXXXXXXXXX
	X                                                  X
	X                                                  X
	X                                                  X
	X                                                  X
	X                                                  X
	X          .....                                   X
	X        .........                                 X
	X       .....--.....                               X
	X      ...-------...                               X
	X      ..--::::::-...                              X
	X     ...-:==++=:--..                              X
	X     ...-:=*XX*=:-..                              X
	X     ..--:+X@@*=:-..                              X
	X     ..--:+X@@*=:-..                              X
	X     ...-:=***+=:-..                              X
	X      ..-::====:--..                              X
	X      ...--::::--...                              X
	X       ...------...                               X
	X       ...........                                X
	X         ........                                 X
	X                                                  X
	X                                                  X
	X                                                  X
	X                                                  X
	X                                                  X
	X                                                  X
	X                                                  X
	X                                                  X
	X                                                  X
	X                                                  X
	X                                                  X
	X                                                  X
	X                                                  X
	X                                                  X
	X                                                  X
	X                                                  X
	X                                                  X
	X                                                  X
	X                                                  X
	X                                                  X
	X                                                  X
	X                                                  X
	X                                                  X
	X                                                  X
	X                                                  X
	X                                                  X
	X                                                  X
	X                                                  X
	X                                                  X
	X                                                  X
	XXXXXXXXXXXXXXXXXXXXXXXXXXXXXXXXXXXXXXXXXXXXXXXXXXXX

Step t=30000:
	XXXXXXXXXXXXXXXXXXXXXXXXXXXXXXXXXXXXXXXXXXXXXXXXXXXX
	X                                                  X
	X                                                  X
	X                                                  X
	X           ....                                   X
	X        .........                                 X
	X       ............                               X
	X      .....---......                              X
	X     ....--------....                             X
	X    ....--:::::---...                             X
	X    ...--::====::-...                             X
	X    ...-::=++++=:--...                            X
	X   ...--:=+^XX*+::-...                            X
	X   ...--:=+X@@^+::-...                            X
	X   ...--:=+X@@^+::-...                            X
	X   ....-:=+*^^*=:--...                            X
	X    ...--:=+++==:--...                            X
	X    ...--:::::::--...                             X
	X     ...---:::---....                             X
	X     .....------....                              X
	X      .............                               X
	X       ...........                                X
	X          ......                                  X
	X                                                  X
	X                                                  X
	X                                                  X
	X                                                  X
	X                                                  X
	X                                                  X
	X                                                  X
	X                                                  X
	X                                                  X
	X                                                  X
	X                                                  X
	X                                                  X
	X                                                  X
	X                                                  X
	X                                                  X
	X                                                  X
	X                                                  X
	X                                                  X
	X                                                  X
	X                                                  X
	X                                                  X
	X                                                  X
	X                                                  X
	X                                                  X
	X                                                  X
	X                                                  X
	X                                                  X
	X                                                  X
	XXXXXXXXXXXXXXXXXXXXXXXXXXXXXXXXXXXXXXXXXXXXXXXXXXXX

Step t=40000:
	XXXXXXXXXXXXXXXXXXXXXXXXXXXXXXXXXXXXXXXXXXXXXXXXXXXX
	X          .....                                   X
	X         ........                                 X
	X       ...........                                X
	X      .............                               X
	X     ...............                              X
	X    .......----......                             X
	X   ......--------.....                            X
	X  .....----:::----....                            X
	X  .....--:::::::---....                           X
	X .....--::======:--....                           X
	X......--:=++**+=::--...                           X
	X.....--::=+^#X^+=:--...                           X
	X.....--::=*#@@^+=:--...                           X
	X.....--::=*X@@^+=:--...                           X
	X.....---:=+^^^*+=:--...                           X
	X .....--:==++++=::--...                           X
	X .....---::====::--....                           X
	X  .....---::::::---...                            X
	X   .....----------....                            X
	X    ......------.....                             X
	X     ...............                              X
	X      .............                               X
	X        .........                                 X
	X                                                  X
	X                                                  X
	X                                                  X
	X                                                  X
	X                                                  X
	X                                                  X
	X                                                  X
	X                                                  X
	X                                                  X
	X                                                  X
	X                                                  X
	X                                                  X
	X                                                  X
	X                                                  X
	X                                                  X
	X                                                  X
	X                                                  X
	X                                                  X
	X                                                  X
	X                                                  X
	X                                                  X
	X                                                  X
	X                                                  X
	X                                                  X
	X                                                  X
	X                                                  X
	X                                                  X
	XXXXXXXXXXXXXXXXXXXXXXXXXXXXXXXXXXXXXXXXXXXXXXXXXXXX

Step t=50000:
	XXXXXXXXXXXXXXXXXXXXXXXXXXXXXXXXXXXXXXXXXXXXXXXXXXXX
	X    ................                              X
	X    ................                              X
	X   ..................                             X
	X  ...................                             X
	X..........-----.......                            X
	X........---------......                           X
	X.......-----------.....                           X
	X......----::::::---....                           X
	X.....---:::====::---....                          X
	X.....---:==+++==::--....                          X
	X....---::=+****+=:---...                          X
	X....---:=+*X##^+=::--...                          X
	X....---:=+*#@@X*=::--...                          X
	X....---:=+*#@@X*=::--...                          X
	X....---:==*^XX*+=::--...                          X
	X.....--::=++**+==:--....                          X
	X.....---::======::--....                          X
	X......---::::::::--....                           X
	X.......----::::----....                           X
	X........---------.....                            X
	X  ........-----.......                            X
	X    .................                             X
	X     ..............                               X
	X        .........                                 X
	X                                                  X
	X                                                  X
	X                                                  X
	X                                                  X
	X                                                  X
	X                                                  X
	X                                                  X
	X                                                  X
	X                                                  X
	X                                                  X
	X                                                  X
	X                                                  X
	X                                                  X
	X                                                  X
	X                                                  X
	X                                                  X
	X                                                  X
	X                                                  X
	X                                                  X
	X                                                  X
	X                                                  X
	X                                                  X
	X                                                  X
	X                                                  X
	X                                                  X
	X                                                  X
	XXXXXXXXXXXXXXXXXXXXXXXXXXXXXXXXXXXXXXXXXXXXXXXXXXXX

Step t=60000:
	XXXXXXXXXXXXXXXXXXXXXXXXXXXXXXXXXXXXXXXXXXXXXXXXXXXX
	X......................                            X
	X......................                            X
	X.......................                           X
	X.........-------.......                           X
	X.......-----------......                          X
	X......-------------.....                          X
	X.....-----:::::-----....                          X
	X....----:::::::::---.....                         X
	X....---:::=====:::---....                         X
	X...----::==++++==::--....                         X
	X...---::==+****+=::--....                         X
	X...---::=+*X##^*==:--....                         X
	X...---::=+*#@@X*+=:--....                         X
	X...---::=+*#@@X*==:--....                         X
	X...---::=+*^XX^+=::--....                         X
	X...----:==+***++=::--....                         X
	X....---::===+===::---....                         X
	X....----:::===:::---.....                         X
	X.....----:::::::----....                          X
	X......-------------.....                          X
	X........---------......                           X
	X......................                            X
	X ....................                             X
	X    ................                              X
	X       ...........                                X
	X                                                  X
	X                                                  X
	X                                                  X
	X                                                  X
	X                                                  X
	X                                                  X
	X                                                  X
	X                                                  X
	X                                                  X
	X                                                  X
	X                                                  X
	X                                                  X
	X                                                  X
	X                                                  X
	X                                                  X
	X                                                  X
	X                                                  X
	X                                                  X
	X                                                  X
	X                                                  X
	X                                                  X
	X                                                  X
	X                                                  X
	X                                                  X
	X                                                  X
	XXXXXXXXXXXXXXXXXXXXXXXXXXXXXXXXXXXXXXXXXXXXXXXXXXXX

Step t=70000:
	XXXXXXXXXXXXXXXXXXXXXXXXXXXXXXXXXXXXXXXXXXXXXXXXXXXX
	X........--------........                          X
	X.......---------........                          X
	X......-----------........                         X
	X.....-------------.......                         X
	X....---------------......                         X
	X...-------:::::-----.....                         X
	X..------:::::::::----.....                        X
	X.------::::===::::---.....                        X
	X------:::=======:::---....                        X
	X------::==+++++==::---....                        X
	X-----:::=+**^^*+==:---....                        X
	X-----::==+*X##^*+=::--....                        X
	X-----::==+^#@@X*+=::--....                        X
	X-----::==+^#@@X*+=::--....                        X
	X-----:::=+*^XX^*+=:---....                        X
	X------::==+****+=::---....                        X
	X.-----:::==++++==::--.....                        X
	X...----:::=====:::---.....                        X
	X....----:::::::::---.....                         X
	X.....------:::-----......                         X
	X......------------......                          X
	X........--------.......                           X
	X......................                            X
	X.....................                             X
	X  ..................                              X
	X      ............                                X
	X                                                  X
	X                                                  X
	X                                                  X
	X                                                  X
	X                                                  X
	X                                                  X
	X                                                  X
	X                                                  X
	X                                                  X
	X                                                  X
	X                                                  X
	X                                                  X
	X                                                  X
	X                                                  X
	X                                                  X
	X                                                  X
	X                                                  X
	X                                                  X
	X                                                  X
	X                                                  X
	X                                                  X
	X                                                  X
	X                                                  X
	X                                                  X
	XXXXXXXXXXXXXXXXXXXXXXXXXXXXXXXXXXXXXXXXXXXXXXXXXXXX

startedstartedstartedstartedstartedstartedstartedstartedstartedstartedstartedstartedstartedstartedstartedstartedstartedstartedstartedstartedstartedstartedstartedstartedstartedstartedstartedstartedstartedstartedstartedstartedstartedstartedstartedstartedstartedstartedstartedstartedstartedstartedstartedstartedstartedstartedstartedstartedstartedstartedstartedstartedstartedstartedstartedstartedstartedstartedstartedstartedstartedstartedstartedstartedstartedstartedstartedstartedstartedstartedstartedstartedstartedstartedstartedstartedstartedstartedstartedstartedstarted$!N_768{96, 2.7984}
startedstartedstartedstartedstartedstartedstartedstartedstartedstartedstartedstartedstartedstarted[ perf record: Woken up 36 times to write data ]
[ perf record: Captured and wrote 10.145 MB perf.data (147251 samples) ]
