--------------------------------------------------------------------------
By default, for Open MPI 4.0 and later, infiniband ports on a device
are not used by default.  The intent is to use UCX for these devices.
You can override this policy by setting the btl_openib_allow_ib MCA parameter
to true.

  Local host:              n005
  Local adapter:           mlx4_0
  Local port:              1

--------------------------------------------------------------------------
--------------------------------------------------------------------------
WARNING: There was an error initializing an OpenFabrics device.

  Local host:   n005
  Local device: mlx4_0
--------------------------------------------------------------------------
Step t=0:
	XXXXXXXXXXXXXXXXXXXXXXXXXXXXXXXXXXXXXXXXXXXXXXXXXXXX
	X                                                  X
	X                                                  X
	X                                                  X
	X                                                  X
	X                                                  X
	X                                                  X
	X                                                  X
	X                                                  X
	X                                                  X
	X                                                  X
	X                                                  X
	X                                                  X
	X            @                                     X
	X                                                  X
	X                                                  X
	X                                                  X
	X                                                  X
	X                                                  X
	X                                                  X
	X                                                  X
	X                                                  X
	X                                                  X
	X                                                  X
	X                                                  X
	X                                                  X
	X                                                  X
	X                                                  X
	X                                                  X
	X                                                  X
	X                                                  X
	X                                                  X
	X                                                  X
	X                                                  X
	X                                                  X
	X                                                  X
	X                                                  X
	X                                                  X
	X                                                  X
	X                                                  X
	X                                                  X
	X                                                  X
	X                                                  X
	X                                                  X
	X                                                  X
	X                                                  X
	X                                                  X
	X                                                  X
	X                                                  X
	X                                                  X
	X                                                  X
	XXXXXXXXXXXXXXXXXXXXXXXXXXXXXXXXXXXXXXXXXXXXXXXXXXXX

Step t=10000:
	XXXXXXXXXXXXXXXXXXXXXXXXXXXXXXXXXXXXXXXXXXXXXXXXXXXX
	X                                                  X
	X                                                  X
	X                                                  X
	X                                                  X
	X                                                  X
	X                                                  X
	X                                                  X
	X                                                  X
	X          ......                                  X
	X         ..----..                                 X
	X        ..-:=::-..                                X
	X        .-:+^*=:..                                X
	X        .-=^@@+:-.                                X
	X        .-:*@@+:-.                                X
	X        .-:=++=-..                                X
	X        ..-:::--.                                 X
	X         ...--...                                 X
	X          .....                                   X
	X                                                  X
	X                                                  X
	X                                                  X
	X                                                  X
	X                                                  X
	X                                                  X
	X                                                  X
	X                                                  X
	X                                                  X
	X                                                  X
	X                                                  X
	X                                                  X
	X                                                  X
	X                                                  X
	X                                                  X
	X                                                  X
	X                                                  X
	X                                                  X
	X                                                  X
	X                                                  X
	X                                                  X
	X                                                  X
	X                                                  X
	X                                                  X
	X                                                  X
	X                                                  X
	X                                                  X
	X                                                  X
	X                                                  X
	X                                                  X
	X                                                  X
	X                                                  X
	XXXXXXXXXXXXXXXXXXXXXXXXXXXXXXXXXXXXXXXXXXXXXXXXXXXX

[n001.intern.lcc3.intra.uibk.ac.at:101681] 95 more processes have sent help message help-mpi-btl-openib.txt / ib port not selected
[n001.intern.lcc3.intra.uibk.ac.at:101681] Set MCA parameter "orte_base_help_aggregate" to 0 to see all help / error messages
[n001.intern.lcc3.intra.uibk.ac.at:101681] 95 more processes have sent help message help-mpi-btl-openib.txt / error in device init
Step t=20000:
	XXXXXXXXXXXXXXXXXXXXXXXXXXXXXXXXXXXXXXXXXXXXXXXXXXXX
	X                                                  X
	X                                                  X
	X                                                  X
	X                                                  X
	X                                                  X
	X                                                  X
	X          ......                                  X
	X        ..........                                X
	X       ...------..                                X
	X       ..--::::--..                               X
	X      ..--:=++=:-..                               X
	X      ..-:=*^^+=--..                              X
	X      ..-:+^@@*=:-..                              X
	X      ..-:+^@@*=:-..                              X
	X      ..-:=+**+:--..                              X
	X      ..--:===::-..                               X
	X       ..---::--...                               X
	X       ....----...                                X
	X         ........                                 X
	X           ....                                   X
	X                                                  X
	X                                                  X
	X                                                  X
	X                                                  X
	X                                                  X
	X                                                  X
	X                                                  X
	X                                                  X
	X                                                  X
	X                                                  X
	X                                                  X
	X                                                  X
	X                                                  X
	X                                                  X
	X                                                  X
	X                                                  X
	X                                                  X
	X                                                  X
	X                                                  X
	X                                                  X
	X                                                  X
	X                                                  X
	X                                                  X
	X                                                  X
	X                                                  X
	X                                                  X
	X                                                  X
	X                                                  X
	X                                                  X
	X                                                  X
	XXXXXXXXXXXXXXXXXXXXXXXXXXXXXXXXXXXXXXXXXXXXXXXXXXXX

Step t=30000:
	XXXXXXXXXXXXXXXXXXXXXXXXXXXXXXXXXXXXXXXXXXXXXXXXXXXX
	X                                                  X
	X                                                  X
	X                                                  X
	X                                                  X
	X            ..                                    X
	X         ........                                 X
	X       ...........                                X
	X      ....------...                               X
	X      ...---::---...                              X
	X     ...--::==::--...                             X
	X     ..--:=+++==:-...                             X
	X     ..--:+^XX*=:--..                             X
	X    ...-:=+X@@^+:--..                             X
	X    ...-:=+X@@^=:--..                             X
	X     ..--:=*^^+=:--..                             X
	X     ..--:==+==::-...                             X
	X     ...--::::::--..                              X
	X      ...--------...                              X
	X       ....----....                               X
	X        ..........                                X
	X         .......                                  X
	X                                                  X
	X                                                  X
	X                                                  X
	X                                                  X
	X                                                  X
	X                                                  X
	X                                                  X
	X                                                  X
	X                                                  X
	X                                                  X
	X                                                  X
	X                                                  X
	X                                                  X
	X                                                  X
	X                                                  X
	X                                                  X
	X                                                  X
	X                                                  X
	X                                                  X
	X                                                  X
	X                                                  X
	X                                                  X
	X                                                  X
	X                                                  X
	X                                                  X
	X                                                  X
	X                                                  X
	X                                                  X
	X                                                  X
	XXXXXXXXXXXXXXXXXXXXXXXXXXXXXXXXXXXXXXXXXXXXXXXXXXXX

Step t=40000:
	XXXXXXXXXXXXXXXXXXXXXXXXXXXXXXXXXXXXXXXXXXXXXXXXXXXX
	X                                                  X
	X                                                  X
	X                                                  X
	X         .......                                  X
	X        ..........                                X
	X      .............                               X
	X     .....-----.....                              X
	X     ....--------....                             X
	X    ....--:::::---...                             X
	X   ....--::====::--...                            X
	X   ...--::=+*++=:--...                            X
	X   ...--:=+^XX*+::-...                            X
	X   ...--:=*X@@^+=:-...                            X
	X   ...--:=+X@@^+=:-...                            X
	X   ...--:=+*^^*=::-...                            X
	X   ....--:=+++==:--...                            X
	X    ...--:::==::--....                            X
	X    ....---::::---...                             X
	X     ....-------.....                             X
	X      ..............                              X
	X       ............                               X
	X         ........                                 X
	X                                                  X
	X                                                  X
	X                                                  X
	X                                                  X
	X                                                  X
	X                                                  X
	X                                                  X
	X                                                  X
	X                                                  X
	X                                                  X
	X                                                  X
	X                                                  X
	X                                                  X
	X                                                  X
	X                                                  X
	X                                                  X
	X                                                  X
	X                                                  X
	X                                                  X
	X                                                  X
	X                                                  X
	X                                                  X
	X                                                  X
	X                                                  X
	X                                                  X
	X                                                  X
	X                                                  X
	X                                                  X
	XXXXXXXXXXXXXXXXXXXXXXXXXXXXXXXXXXXXXXXXXXXXXXXXXXXX

Step t=50000:
	XXXXXXXXXXXXXXXXXXXXXXXXXXXXXXXXXXXXXXXXXXXXXXXXXXXX
	X          .....                                   X
	X         ........                                 X
	X       ...........                                X
	X      .............                               X
	X     ...............                              X
	X    .......----......                             X
	X   ......--------.....                            X
	X  .....----:::----....                            X
	X  .....--:::::::---....                           X
	X .....--::======:--....                           X
	X......--:=++**+=::--...                           X
	X.....--::=+^#X^+=:--...                           X
	X.....--::=*#@@^+=:--...                           X
	X.....--::=*X@@^+=:--...                           X
	X.....---:=+^^^*+=:--...                           X
	X .....--:==++++=::--...                           X
	X .....---::====::--....                           X
	X  .....---::::::---...                            X
	X   .....----------....                            X
	X    ......------.....                             X
	X     ...............                              X
	X      .............                               X
	X        .........                                 X
	X                                                  X
	X                                                  X
	X                                                  X
	X                                                  X
	X                                                  X
	X                                                  X
	X                                                  X
	X                                                  X
	X                                                  X
	X                                                  X
	X                                                  X
	X                                                  X
	X                                                  X
	X                                                  X
	X                                                  X
	X                                                  X
	X                                                  X
	X                                                  X
	X                                                  X
	X                                                  X
	X                                                  X
	X                                                  X
	X                                                  X
	X                                                  X
	X                                                  X
	X                                                  X
	X                                                  X
	XXXXXXXXXXXXXXXXXXXXXXXXXXXXXXXXXXXXXXXXXXXXXXXXXXXX

Step t=60000:
	XXXXXXXXXXXXXXXXXXXXXXXXXXXXXXXXXXXXXXXXXXXXXXXXXXXX
	X     ..............                               X
	X     ...............                              X
	X    ................                              X
	X   ..................                             X
	X  .........---........                            X
	X.........--------.....                            X
	X.......-----------.....                           X
	X......----::::::---....                           X
	X......--:::===:::---....                          X
	X.....---::==++==::--....                          X
	X.....--::=+***++=:--....                          X
	X....---:==*X##^+=::--...                          X
	X....---:=+*#@@X+=::--...                          X
	X....---:=+*#@@X+=::--...                          X
	X.....--::=+^XX*+=:---...                          X
	X.....--::=+++++==:--....                          X
	X.....---::======:---....                          X
	X......---:::::::---....                           X
	X.......----:::----.....                           X
	X .......---------.....                            X
	X   ........----......                             X
	X    ................                              X
	X      .............                               X
	X        .........                                 X
	X                                                  X
	X                                                  X
	X                                                  X
	X                                                  X
	X                                                  X
	X                                                  X
	X                                                  X
	X                                                  X
	X                                                  X
	X                                                  X
	X                                                  X
	X                                                  X
	X                                                  X
	X                                                  X
	X                                                  X
	X                                                  X
	X                                                  X
	X                                                  X
	X                                                  X
	X                                                  X
	X                                                  X
	X                                                  X
	X                                                  X
	X                                                  X
	X                                                  X
	X                                                  X
	XXXXXXXXXXXXXXXXXXXXXXXXXXXXXXXXXXXXXXXXXXXXXXXXXXXX

Step t=70000:
	XXXXXXXXXXXXXXXXXXXXXXXXXXXXXXXXXXXXXXXXXXXXXXXXXXXX
	X.....................                             X
	X......................                            X
	X......................                            X
	X...........---.........                           X
	X........---------......                           X
	X.......-----------.....                           X
	X......-----::::----.....                          X
	X.....----::::::::---....                          X
	X....----::=====:::--.....                         X
	X....---::==++++=::---....                         X
	X...----:==+****+=::--....                         X
	X...---::=+*X##^+=::--....                         X
	X...---::=+*#@@X*=::--....                         X
	X...---::=+*#@@X*=::--....                         X
	X...---::=+*^XX^+=::--....                         X
	X....---::=++**+==::--....                         X
	X....---:::======::--....                          X
	X.....---:::::::::---....                          X
	X......----::::::---.....                          X
	X.......-----------.....                           X
	X.........-------......                            X
	X ....................                             X
	X   .................                              X
	X      .............                               X
	X        ........                                  X
	X                                                  X
	X                                                  X
	X                                                  X
	X                                                  X
	X                                                  X
	X                                                  X
	X                                                  X
	X                                                  X
	X                                                  X
	X                                                  X
	X                                                  X
	X                                                  X
	X                                                  X
	X                                                  X
	X                                                  X
	X                                                  X
	X                                                  X
	X                                                  X
	X                                                  X
	X                                                  X
	X                                                  X
	X                                                  X
	X                                                  X
	X                                                  X
	X                                                  X
	XXXXXXXXXXXXXXXXXXXXXXXXXXXXXXXXXXXXXXXXXXXXXXXXXXXX

$!N_768{96, 31.1557}
[ perf record: Woken up 359 times to write data ]
[ perf record: Captured and wrote 93.503 MB perf.data (1504597 samples) ]
