0 0.880370
93 0.884316
95 0.884753
94 0.885660
1 0.885959
88 0.886249
2 0.886646
92 0.886601
89 0.886964
91 0.887113
87 0.887250
90 0.887229
86 0.887837
3 0.888099
27 0.887872
85 0.889084
84 0.889571
83 0.889804
28 0.890099
4 0.890778
24 0.891438
5 0.891938
26 0.892456
82 0.892521
6 0.893293
30 0.894173
81 0.894828
23 0.894875
21 0.897078
7 0.897309
80 0.897294
25 0.897373
79 0.898015
8 0.898211
29 0.898124
32 0.898246
9 0.899412
20 0.899335
78 0.899371
17 0.899611
18 0.899800
34 0.899877
22 0.900232
19 0.900299
31 0.900293
15 0.900624
10 0.900770
14 0.900743
11 0.900918
35 0.901300
73 0.901265
13 0.901434
77 0.901258
74 0.901507
16 0.901889
75 0.902141
72 0.902173
33 0.902573
76 0.903120
71 0.903391
70 0.904123
69 0.904175
36 0.904165
68 0.904401
67 0.906813
12 0.906971
38 0.907152
61 0.907196
60 0.907987
66 0.908066
58 0.908170
59 0.908314
57 0.908879
37 0.908892
39 0.909371
56 0.909717
65 0.909590
42 0.909895
64 0.909960
63 0.910034
41 0.910705
62 0.910858
40 0.910917
55 0.911155
46 0.911446
48 0.912098
54 0.912106
44 0.912396
50 0.912453
51 0.912651
53 0.912752
47 0.912760
49 0.913045
52 0.913568
43 0.913596
45 0.914744