N=512
T=256000
R=32
0:PROC=n001.intern.lcc3.intra.uibk.ac.at
1:PROC=n001.intern.lcc3.intra.uibk.ac.at
2:PROC=n001.intern.lcc3.intra.uibk.ac.at
3:PROC=n001.intern.lcc3.intra.uibk.ac.at
4:PROC=n001.intern.lcc3.intra.uibk.ac.at
5:PROC=n001.intern.lcc3.intra.uibk.ac.at
6:PROC=n001.intern.lcc3.intra.uibk.ac.at
7:PROC=n001.intern.lcc3.intra.uibk.ac.at
8:PROC=n001.intern.lcc3.intra.uibk.ac.at
9:PROC=n001.intern.lcc3.intra.uibk.ac.at
10:PROC=n001.intern.lcc3.intra.uibk.ac.at
11:PROC=n002.intern.lcc3.intra.uibk.ac.at
22:PROC=n003.intern.lcc3.intra.uibk.ac.at
12:PROC=n002.intern.lcc3.intra.uibk.ac.at
23:PROC=n003.intern.lcc3.intra.uibk.ac.at
13:PROC=n002.intern.lcc3.intra.uibk.ac.at
24:PROC=n003.intern.lcc3.intra.uibk.ac.at
14:PROC=n002.intern.lcc3.intra.uibk.ac.at
25:PROC=n003.intern.lcc3.intra.uibk.ac.at
15:PROC=n002.intern.lcc3.intra.uibk.ac.at
26:PROC=n003.intern.lcc3.intra.uibk.ac.at
16:PROC=n002.intern.lcc3.intra.uibk.ac.at
27:PROC=n003.intern.lcc3.intra.uibk.ac.at
17:PROC=n002.intern.lcc3.intra.uibk.ac.at
28:PROC=n003.intern.lcc3.intra.uibk.ac.at
18:PROC=n002.intern.lcc3.intra.uibk.ac.at
29:PROC=n003.intern.lcc3.intra.uibk.ac.at
19:PROC=n002.intern.lcc3.intra.uibk.ac.at
30:PROC=n003.intern.lcc3.intra.uibk.ac.at
20:PROC=n002.intern.lcc3.intra.uibk.ac.at
31:PROC=n003.intern.lcc3.intra.uibk.ac.at
21:PROC=n002.intern.lcc3.intra.uibk.ac.at
X@@@@@@@@@@@@@@@@@@@@@@@@@@@@@@@@@@@@@@@@@@@@@@@@@@@@@@@@@@@@@@@@@@@@@@@@@@@@@@@@@@@@@@@@@@@@@@@@@@@@@@@@@@@@@@@@@@@@@@@@X
Verification: OK
Hash: 162591.541036
Time: 0.504098s
