N=1024
T=512000
R=64
0:PROC=n001.intern.lcc3.intra.uibk.ac.at
1:PROC=n001.intern.lcc3.intra.uibk.ac.at
2:PROC=n001.intern.lcc3.intra.uibk.ac.at
3:PROC=n001.intern.lcc3.intra.uibk.ac.at
4:PROC=n001.intern.lcc3.intra.uibk.ac.at
5:PROC=n001.intern.lcc3.intra.uibk.ac.at
6:PROC=n001.intern.lcc3.intra.uibk.ac.at
7:PROC=n001.intern.lcc3.intra.uibk.ac.at
8:PROC=n001.intern.lcc3.intra.uibk.ac.at
9:PROC=n001.intern.lcc3.intra.uibk.ac.at
10:PROC=n001.intern.lcc3.intra.uibk.ac.at
33:PROC=n004.intern.lcc3.intra.uibk.ac.at
44:PROC=n005.intern.lcc3.intra.uibk.ac.at
22:PROC=n003.intern.lcc3.intra.uibk.ac.at
54:PROC=n006.intern.lcc3.intra.uibk.ac.at
34:PROC=n004.intern.lcc3.intra.uibk.ac.at
11:PROC=n002.intern.lcc3.intra.uibk.ac.at
45:PROC=n005.intern.lcc3.intra.uibk.ac.at
23:PROC=n003.intern.lcc3.intra.uibk.ac.at
55:PROC=n006.intern.lcc3.intra.uibk.ac.at
35:PROC=n004.intern.lcc3.intra.uibk.ac.at
12:PROC=n002.intern.lcc3.intra.uibk.ac.at
46:PROC=n005.intern.lcc3.intra.uibk.ac.at
24:PROC=n003.intern.lcc3.intra.uibk.ac.at
56:PROC=n006.intern.lcc3.intra.uibk.ac.at
36:PROC=n004.intern.lcc3.intra.uibk.ac.at
13:PROC=n002.intern.lcc3.intra.uibk.ac.at
47:PROC=n005.intern.lcc3.intra.uibk.ac.at
25:PROC=n003.intern.lcc3.intra.uibk.ac.at
57:PROC=n006.intern.lcc3.intra.uibk.ac.at
37:PROC=n004.intern.lcc3.intra.uibk.ac.at
14:PROC=n002.intern.lcc3.intra.uibk.ac.at
48:PROC=n005.intern.lcc3.intra.uibk.ac.at
26:PROC=n003.intern.lcc3.intra.uibk.ac.at
58:PROC=n006.intern.lcc3.intra.uibk.ac.at
38:PROC=n004.intern.lcc3.intra.uibk.ac.at
15:PROC=n002.intern.lcc3.intra.uibk.ac.at
49:PROC=n005.intern.lcc3.intra.uibk.ac.at
27:PROC=n003.intern.lcc3.intra.uibk.ac.at
59:PROC=n006.intern.lcc3.intra.uibk.ac.at
39:PROC=n004.intern.lcc3.intra.uibk.ac.at
16:PROC=n002.intern.lcc3.intra.uibk.ac.at
50:PROC=n005.intern.lcc3.intra.uibk.ac.at
28:PROC=n003.intern.lcc3.intra.uibk.ac.at
60:PROC=n006.intern.lcc3.intra.uibk.ac.at
40:PROC=n004.intern.lcc3.intra.uibk.ac.at
17:PROC=n002.intern.lcc3.intra.uibk.ac.at
51:PROC=n005.intern.lcc3.intra.uibk.ac.at
29:PROC=n003.intern.lcc3.intra.uibk.ac.at
61:PROC=n006.intern.lcc3.intra.uibk.ac.at
41:PROC=n004.intern.lcc3.intra.uibk.ac.at
18:PROC=n002.intern.lcc3.intra.uibk.ac.at
52:PROC=n005.intern.lcc3.intra.uibk.ac.at
30:PROC=n003.intern.lcc3.intra.uibk.ac.at
62:PROC=n006.intern.lcc3.intra.uibk.ac.at
42:PROC=n004.intern.lcc3.intra.uibk.ac.at
19:PROC=n002.intern.lcc3.intra.uibk.ac.at
53:PROC=n005.intern.lcc3.intra.uibk.ac.at
31:PROC=n003.intern.lcc3.intra.uibk.ac.at
63:PROC=n006.intern.lcc3.intra.uibk.ac.at
43:PROC=n004.intern.lcc3.intra.uibk.ac.at
20:PROC=n002.intern.lcc3.intra.uibk.ac.at
32:PROC=n003.intern.lcc3.intra.uibk.ac.at
21:PROC=n002.intern.lcc3.intra.uibk.ac.at
X@@@@@@@@@@@@@@@@@@@@@@@@@@@@@@@@@@@@@@@@@@@@@@@@@@@@@@@@@@@@@@@@@@@@@@@@@@@%%%%#####XXXXX^^^^^^*******++++++++++========X
Verification: OK
Hash: 316329.140332
Time: 1.062792s
