Computing heat-distribution for room size N=288 for T=28800 timesteps
Initial:
XXXXXXXXXXXXXXXXXXXXXXXXXXXXXXXXXXXXXXXXXXXXXXXXXXXXXXXXXXXXXXXXXXXXXXXXXXXXXXXXXXXXXXXXXXXXXXXXXXXXXXXXXXXXXXXXXXXXXXXXXX
X                                                                                                                        X
X                                                                                                                        X
X                                                                                                                        X
X                                                                                                                        X
X                                                                                                                        X
X                                                                                                                        X
X                                                                                                                        X
X                                                                                                                        X
X                                                                                                                        X
X                                                                                                                        X
X                                                                                                                        X
X                                                                                                                        X
X                                                                                                                        X
X                                                                                                                        X
X                                                                                                                        X
X                                                                                                                        X
X                                                                                                                        X
X                                                                                                                        X
X                                                                                                                        X
X                                                                                                                        X
X                                                                                                                        X
X                                                                                                                        X
X                                                                                                                        X
X                                                                                                                        X
X                                                                                                                        X
X                                                                                                                        X
X                                                                                                                        X
X                                                                                                                        X
X                                                                                                                        X
X                                                                                                                        X
X                                                                                                                        X
X                                                                                                                        X
X                                                                                                                        X
X                                                                                                                        X
X                                                                                                                        X
X                                                                                                                        X
X                                    @                                                                                   X
X                                                                                                                        X
X                                                                                                                        X
X                                                                                                                        X
X                                                                                                                        X
X                                                                                                                        X
X                                                                                                                        X
X                                                                                                                        X
X                                                                                                                        X
X                                                                                                                        X
X                                                                                                                        X
X                                                                                                                        X
X                                                                                                                        X
X                                                                                                                        X
X                                                                                                                        X
X                                                                                                                        X
X                                                                                                                        X
X                                                                                                                        X
X                                                                                                                        X
X                                                                                                                        X
X                                                                                                                        X
X                                                                                                                        X
X                                                                                                                        X
X                                                                                                                        X
X                                                                                                                        X
X                                                                                                                        X
X                                                                                                                        X
X                                                                                                                        X
X                                                                                                                        X
X                                                                                                                        X
X                                                                                                                        X
X                                                                                                                        X
X                                                                                                                        X
X                                                                                                                        X
X                                                                                                                        X
X                                                                                                                        X
X                                                                                                                        X
X                                                                                                                        X
X                                                                                                                        X
X                                                                                                                        X
X                                                                                                                        X
X                                                                                                                        X
X                                                                                                                        X
X                                                                                                                        X
X                                                                                                                        X
X                                                                                                                        X
X                                                                                                                        X
X                                                                                                                        X
X                                                                                                                        X
X                                                                                                                        X
X                                                                                                                        X
X                                                                                                                        X
X                                                                                                                        X
X                                                                                                                        X
X                                                                                                                        X
X                                                                                                                        X
X                                                                                                                        X
X                                                                                                                        X
X                                                                                                                        X
X                                                                                                                        X
X                                                                                                                        X
X                                                                                                                        X
X                                                                                                                        X
X                                                                                                                        X
X                                                                                                                        X
X                                                                                                                        X
X                                                                                                                        X
X                                                                                                                        X
X                                                                                                                        X
X                                                                                                                        X
X                                                                                                                        X
X                                                                                                                        X
X                                                                                                                        X
X                                                                                                                        X
X                                                                                                                        X
X                                                                                                                        X
X                                                                                                                        X
X                                                                                                                        X
X                                                                                                                        X
X                                                                                                                        X
X                                                                                                                        X
X                                                                                                                        X
X                                                                                                                        X
X                                                                                                                        X
XXXXXXXXXXXXXXXXXXXXXXXXXXXXXXXXXXXXXXXXXXXXXXXXXXXXXXXXXXXXXXXXXXXXXXXXXXXXXXXXXXXXXXXXXXXXXXXXXXXXXXXXXXXXXXXXXXXXXXXXXX

Step t=0:
XXXXXXXXXXXXXXXXXXXXXXXXXXXXXXXXXXXXXXXXXXXXXXXXXXXXXXXXXXXXXXXXXXXXXXXXXXXXXXXXXXXXXXXXXXXXXXXXXXXXXXXXXXXXXXXXXXXXXXXXXX
X                                                                                                                        X
X                                                                                                                        X
X                                                                                                                        X
X                                                                                                                        X
X                                                                                                                        X
X                                                                                                                        X
X                                                                                                                        X
X                                                                                                                        X
X                                                                                                                        X
X                                                                                                                        X
X                                                                                                                        X
X                                                                                                                        X
X                                                                                                                        X
X                                                                                                                        X
X                                                                                                                        X
X                                                                                                                        X
X                                                                                                                        X
X                                                                                                                        X
X                                                                                                                        X
X                                                                                                                        X
X                                                                                                                        X
X                                                                                                                        X
X                                                                                                                        X
X                                                                                                                        X
X                                                                                                                        X
X                                                                                                                        X
X                                                                                                                        X
X                                                                                                                        X
X                                                                                                                        X
X                                                                                                                        X
X                                                                                                                        X
X                                                                                                                        X
X                                                                                                                        X
X                                                                                                                        X
X                                                                                                                        X
X                                    =                                                                                   X
X                                   =@                                                                                   X
X                                                                                                                        X
X                                                                                                                        X
X                                                                                                                        X
X                                                                                                                        X
X                                                                                                                        X
X                                                                                                                        X
X                                                                                                                        X
X                                                                                                                        X
X                                                                                                                        X
X                                                                                                                        X
X                                                                                                                        X
X                                                                                                                        X
X                                                                                                                        X
X                                                                                                                        X
X                                                                                                                        X
X                                                                                                                        X
X                                                                                                                        X
X                                                                                                                        X
X                                                                                                                        X
X                                                                                                                        X
X                                                                                                                        X
X                                                                                                                        X
X                                                                                                                        X
X                                                                                                                        X
X                                                                                                                        X
X                                                                                                                        X
X                                                                                                                        X
X                                                                                                                        X
X                                                                                                                        X
X                                                                                                                        X
X                                                                                                                        X
X                                                                                                                        X
X                                                                                                                        X
X                                                                                                                        X
X                                                                                                                        X
X                                                                                                                        X
X                                                                                                                        X
X                                                                                                                        X
X                                                                                                                        X
X                                                                                                                        X
X                                                                                                                        X
X                                                                                                                        X
X                                                                                                                        X
X                                                                                                                        X
X                                                                                                                        X
X                                                                                                                        X
X                                                                                                                        X
X                                                                                                                        X
X                                                                                                                        X
X                                                                                                                        X
X                                                                                                                        X
X                                                                                                                        X
X                                                                                                                        X
X                                                                                                                        X
X                                                                                                                        X
X                                                                                                                        X
X                                                                                                                        X
X                                                                                                                        X
X                                                                                                                        X
X                                                                                                                        X
X                                                                                                                        X
X                                                                                                                        X
X                                                                                                                        X
X                                                                                                                        X
X                                                                                                                        X
X                                                                                                                        X
X                                                                                                                        X
X                                                                                                                        X
X                                                                                                                        X
X                                                                                                                        X
X                                                                                                                        X
X                                                                                                                        X
X                                                                                                                        X
X                                                                                                                        X
X                                                                                                                        X
X                                                                                                                        X
X                                                                                                                        X
X                                                                                                                        X
X                                                                                                                        X
X                                                                                                                        X
X                                                                                                                        X
X                                                                                                                        X
X                                                                                                                        X
XXXXXXXXXXXXXXXXXXXXXXXXXXXXXXXXXXXXXXXXXXXXXXXXXXXXXXXXXXXXXXXXXXXXXXXXXXXXXXXXXXXXXXXXXXXXXXXXXXXXXXXXXXXXXXXXXXXXXXXXXX

Step t=10000:
XXXXXXXXXXXXXXXXXXXXXXXXXXXXXXXXXXXXXXXXXXXXXXXXXXXXXXXXXXXXXXXXXXXXXXXXXXXXXXXXXXXXXXXXXXXXXXXXXXXXXXXXXXXXXXXXXXXXXXXXXX
X...............................................................                                                         X
X................................................................                                                        X
X................................................................                                                        X
X................................................................                                                        X
X.................................----...........................                                                        X
X..............................----------........................                                                        X
X............................--------------.......................                                                       X
X..........................------------------.....................                                                       X
X........................----------------------...................                                                       X
X.......................------------------------...................                                                      X
X.....................---------------------------..................                                                      X
X....................------------------------------................                                                      X
X...................--------------------------------................                                                     X
X..................----------------------------------...............                                                     X
X.................------------------------------------...............                                                    X
X................--------------------------------------..............                                                    X
X...............---------------:::::::::::-------------..............                                                    X
X..............--------------::::::::::::::::-----------..............                                                   X
X.............-------------:::::::::::::::::::-----------.............                                                   X
X............------------:::::::::::::::::::::::----------............                                                   X
X...........------------:::::::::::::::::::::::::---------.............                                                  X
X..........------------::::::::::========:::::::::---------............                                                  X
X..........-----------::::::::=============::::::::--------............                                                  X
X.........-----------::::::::================:::::::--------............                                                 X
X........-----------:::::::===================:::::::-------............                                                 X
X........-----------::::::=======+++++++++======:::::--------...........                                                 X
X.......-----------::::::======++++++++++++=====::::::-------...........                                                 X
X.......-----------::::::====++++++****++++++====:::::-------...........                                                 X
X......-----------::::::====++++**********++++====:::::-------...........                                                X
X......-----------:::::=====+++****^^^^****+++====:::::-------...........                                                X
X.....-----------::::::====+++***^^^^^^^^***+++====::::-------...........                                                X
X.....-----------::::::====++***^^XXXXXX^^***+++===:::::------...........                                                X
X.....-----------:::::====+++**^^XX#####X^^**+++===:::::------...........                                                X
X....------------:::::====+++**^XX#%%%%##X^^**++====::::------...........                                                X
X....------------:::::====++**^^X#%@@@@%#X^^**++====::::------...........                                                X
X....------------:::::====++**^^X#%@@@@@%#X^**++====::::------...........                                                X
X....------------:::::====++**^^X#%@@@@@%#X^**++====::::------...........                                                X
X.....-----------:::::====++**^^X#%@@@@@#XX^**++====::::------...........                                                X
X.....-----------:::::====+++**^X##%@@@%#X^^**++====::::------...........                                                X
X.....-----------:::::====+++**^^X##%%##XX^**+++===:::::------...........                                                X
X......----------::::::===+++***^^XX##XXX^^**+++===:::::------...........                                                X
X......-----------:::::====+++***^^^XXX^^^**+++====::::-------...........                                                X
X.......----------::::::====+++***^^^^^^***++++===:::::-------..........                                                 X
X.......----------::::::====++++**********++++====:::::------...........                                                 X
X........----------::::::====+++++******+++++====:::::-------...........                                                 X
X........-----------::::::=====+++++++++++++====::::::-------...........                                                 X
X.........----------::::::======++++++++++=====::::::-------...........                                                  X
X..........----------:::::::==================::::::--------...........                                                  X
X...........----------:::::::================:::::::-------............                                                  X
X...........-----------::::::::============::::::::--------...........                                                   X
X............-----------::::::::::======::::::::::--------............                                                   X
X.............-----------:::::::::::::::::::::::---------.............                                                   X
X..............------------::::::::::::::::::::---------.............                                                    X
X...............-------------::::::::::::::::-----------............                                                     X
X.................--------------::::::::::-------------.............                                                     X
X..................----------------------------------..............                                                      X
X...................--------------------------------...............                                                      X
X.....................-----------------------------...............                                                       X
X.......................-------------------------................                                                        X
X.........................---------------------.................                                                         X
X............................---------------...................                                                          X
X.............................................................                                                           X
X............................................................                                                            X
X ..........................................................                                                             X
X      ....................................................                                                              X
X         ................................................                                                               X
X            ...........................................                                                                 X
X              .......................................                                                                   X
X                 ...................................                                                                    X
X                    .............................                                                                       X
X                       .......................                                                                          X
X                            ..............                                                                              X
X                                                                                                                        X
X                                                                                                                        X
X                                                                                                                        X
X                                                                                                                        X
X                                                                                                                        X
X                                                                                                                        X
X                                                                                                                        X
X                                                                                                                        X
X                                                                                                                        X
X                                                                                                                        X
X                                                                                                                        X
X                                                                                                                        X
X                                                                                                                        X
X                                                                                                                        X
X                                                                                                                        X
X                                                                                                                        X
X                                                                                                                        X
X                                                                                                                        X
X                                                                                                                        X
X                                                                                                                        X
X                                                                                                                        X
X                                                                                                                        X
X                                                                                                                        X
X                                                                                                                        X
X                                                                                                                        X
X                                                                                                                        X
X                                                                                                                        X
X                                                                                                                        X
X                                                                                                                        X
X                                                                                                                        X
X                                                                                                                        X
X                                                                                                                        X
X                                                                                                                        X
X                                                                                                                        X
X                                                                                                                        X
X                                                                                                                        X
X                                                                                                                        X
X                                                                                                                        X
X                                                                                                                        X
X                                                                                                                        X
X                                                                                                                        X
X                                                                                                                        X
X                                                                                                                        X
X                                                                                                                        X
X                                                                                                                        X
X                                                                                                                        X
X                                                                                                                        X
X                                                                                                                        X
XXXXXXXXXXXXXXXXXXXXXXXXXXXXXXXXXXXXXXXXXXXXXXXXXXXXXXXXXXXXXXXXXXXXXXXXXXXXXXXXXXXXXXXXXXXXXXXXXXXXXXXXXXXXXXXXXXXXXXXXXX

Step t=20000:
XXXXXXXXXXXXXXXXXXXXXXXXXXXXXXXXXXXXXXXXXXXXXXXXXXXXXXXXXXXXXXXXXXXXXXXXXXXXXXXXXXXXXXXXXXXXXXXXXXXXXXXXXXXXXXXXXXXXXXXXXX
X:::::::::::::::::::::::::::::::::::::::::::::::::::::::--------------...................                                X
X:::::::::::::::::::::::::::::::::::::::::::::::::::::::--------------...................                                X
X:::::::::::::::::::::::::::::::::::::::::::::::::::::::--------------...................                                X
X:::::::::::::::::::::::::::::::::::::::::::::::::::::::---------------..................                                X
X::::::::::::::::::::::::::::::==::::::::::::::::::::::::--------------..................                                X
X::::::::::::::::::::::::::==========::::::::::::::::::::--------------..................                                X
X::::::::::::::::::::::::==============::::::::::::::::::--------------..................                                X
X:::::::::::::::::::::::=================::::::::::::::::--------------..................                                X
X:::::::::::::::::::::====================::::::::::::::::-------------..................                                X
X::::::::::::::::::::=======================::::::::::::::-------------..................                                X
X:::::::::::::::::::=========================::::::::::::::------------..................                                X
X:::::::::::::::::============================:::::::::::::-------------.................                                X
X::::::::::::::::==============================::::::::::::-------------.................                                X
X:::::::::::::::================================::::::::::::------------.................                                X
X::::::::::::::==================================:::::::::::------------.................                                X
X:::::::::::::====================================:::::::::::-----------.................                                X
X::::::::::::======================================::::::::::-----------.................                                X
X:::::::::::==================++++++++++============:::::::::------------................                                X
X:::::::::::================+++++++++++++++==========:::::::::-----------................                                X
X::::::::::===============+++++++++++++++++++========:::::::::-----------................                                X
X:::::::::===============+++++++++++++++++++++========::::::::-----------................                                X
X::::::::==============++++++++++++++++++++++++=======:::::::::----------................                                X
X::::::::=============+++++++++++******+++++++++=======::::::::----------................                                X
X:::::::==============+++++++++***********+++++++======::::::::----------................                                X
X::::::==============++++++++***************++++++======:::::::-----------...............                                X
X::::::=============++++++++*****************+++++======::::::::----------...............                                X
X:::::==============+++++++******^^^^^^^******+++++======:::::::----------...............                                X
X:::::=============+++++++*****^^^^^^^^^^^*****++++======:::::::----------...............                                X
X:::::=============++++++*****^^^^^XXX^^^^^^***+++++=====:::::::----------...............                                X
X:::::============+++++++****^^^^XXXXXXXX^^^^***++++=====:::::::----------...............                                X
X::::=============++++++****^^^^XXX####XXX^^^****+++======::::::----------...............                                X
X::::=============++++++****^^^XX########XX^^^***++++=====::::::----------...............                                X
X:::::============+++++****^^^XX##%%%%%%##XX^^***++++=====::::::----------...............                                X
X:::::============+++++****^^^XX#%%@@@@@%#XX^^***++++=====::::::----------...............                                X
X:::::============+++++****^^XX##%@@@@@@%##X^^^**++++=====::::::----------...............                                X
X:::::============+++++****^^XX##%@@@@@@@%#XX^^**++++=====::::::----------...............                                X
X::::::===========+++++****^^XX##%@@@@@@@%#XX^^**++++=====::::::---------................                                X
X::::::===========+++++****^^^X##%@@@@@@@%#X^^^**++++=====::::::---------................                                X
X:::::::==========++++++***^^^XX#%@@@@@@%##X^^***++++=====::::::---------................                                X
X:::::::===========+++++****^^XX##%%@@@%##XX^^***++++====:::::::---------...............                                 X
X::::::::==========+++++****^^^XX###%%%##XX^^^***+++=====:::::::---------...............                                 X
X:::::::::=========++++++****^^^XXX#####XX^^^***++++=====::::::----------...............                                 X
X:::::::::==========+++++****^^^^XXXXXXXX^^^****++++====:::::::---------................                                 X
X::::::::::=========++++++****^^^^^^XX^^^^^****++++=====:::::::---------................                                 X
X:::::::::::=========++++++*****^^^^^^^^^^****++++======::::::----------...............                                  X
X::::::::::::=========++++++*******^^^^******+++++=====:::::::----------...............                                  X
X:::::::::::::=========+++++++**************+++++======:::::::---------................                                  X
X::::::::::::::=========+++++++***********++++++======:::::::----------................                                  X
X:::::::::::::::=========++++++++++++++++++++++======::::::::---------................                                   X
X::::::::::::::::==========++++++++++++++++++=======::::::::----------................                                   X
X:::::::::::::::::===========+++++++++++++++=======::::::::-----------................                                   X
X::::::::::::::::::=============+++++++++=========:::::::::----------................                                    X
X::::::::::::::::::::============================:::::::::----------.................                                    X
X::::::::::::::::::::::=========================:::::::::-----------................                                     X
X::::::::::::::::::::::::=====================::::::::::-----------.................                                     X
X----::::::::::::::::::::::================::::::::::::------------.................                                     X
X--------::::::::::::::::::::::=========::::::::::::::------------.................                                      X
X----------::::::::::::::::::::::::::::::::::::::::::------------..................                                      X
X-------------:::::::::::::::::::::::::::::::::::::-------------..................                                       X
X---------------::::::::::::::::::::::::::::::::::--------------..................                                       X
X------------------:::::::::::::::::::::::::::::---------------..................                                        X
X---------------------:::::::::::::::::::::::-----------------..................                                         X
X-------------------------::::::::::::::::-------------------...................                                         X
X----------------------------------------------------------....................                                          X
X---------------------------------------------------------....................                                           X
X--------------------------------------------------------.....................                                           X
X------------------------------------------------------......................                                            X
X----------------------------------------------------.......................                                             X
X---------------------------------------------------.......................                                              X
X...---------------------------------------------.........................                                               X
X...........-----------------------------------..........................                                                X
X.................-------------------------.............................                                                 X
X........................------------..................................                                                  X
X.....................................................................                                                   X
X....................................................................                                                    X
X...................................................................                                                     X
X..................................................................                                                      X
X................................................................                                                        X
X...............................................................                                                         X
X.............................................................                                                           X
X............................................................                                                            X
X..........................................................                                                              X
X........................................................                                                                X
X.....................................................                                                                   X
X...................................................                                                                     X
X................................................                                                                        X
X............................................                                                                            X
X.......................................                                                                                 X
X                                                                                                                        X
X                                                                                                                        X
X                                                                                                                        X
X                                                                                                                        X
X                                                                                                                        X
X                                                                                                                        X
X                                                                                                                        X
X                                                                                                                        X
X                                                                                                                        X
X                                                                                                                        X
X                                                                                                                        X
X                                                                                                                        X
X                                                                                                                        X
X                                                                                                                        X
X                                                                                                                        X
X                                                                                                                        X
X                                                                                                                        X
X                                                                                                                        X
X                                                                                                                        X
X                                                                                                                        X
X                                                                                                                        X
X                                                                                                                        X
X                                                                                                                        X
X                                                                                                                        X
X                                                                                                                        X
X                                                                                                                        X
X                                                                                                                        X
X                                                                                                                        X
X                                                                                                                        X
X                                                                                                                        X
X                                                                                                                        X
X                                                                                                                        X
XXXXXXXXXXXXXXXXXXXXXXXXXXXXXXXXXXXXXXXXXXXXXXXXXXXXXXXXXXXXXXXXXXXXXXXXXXXXXXXXXXXXXXXXXXXXXXXXXXXXXXXXXXXXXXXXXXXXXXXXXX

Final:
XXXXXXXXXXXXXXXXXXXXXXXXXXXXXXXXXXXXXXXXXXXXXXXXXXXXXXXXXXXXXXXXXXXXXXXXXXXXXXXXXXXXXXXXXXXXXXXXXXXXXXXXXXXXXXXXXXXXXXXXXX
X+++++++++++++++++++++++++++++++++++++++++===============::::::::::::--------------....................                  X
X+++++++++++++++++++++++++++++++++++++++++===============::::::::::::--------------....................                  X
X+++++++++++++++++++++++++++++++++++++++++===============::::::::::::--------------....................                  X
X++++++++++++++++++++++++++++++++++++++++++==============::::::::::::--------------....................                  X
X++++++++++++++++++++++++++++++++++++++++++===============::::::::::::-------------....................                  X
X+++++++++++++++++++++++++++++++++++++++++++==============::::::::::::-------------....................                  X
X++++++++++++++++++++++++++++++++++++++++++++=============::::::::::::-------------....................                  X
X++++++++++++++++++++++++++++++++++++++++++++=============::::::::::::-------------....................                  X
X+++++++++++++++++++++++++++++++++++++++++++++============::::::::::::-------------....................                  X
X++++++++++++++++++++++++++++++++++++++++++++++============:::::::::::-------------....................                  X
X+++++++++++++++++++++++++++++++++++++++++++++++===========:::::::::::-------------....................                  X
X+++++++++++++++++++++++++++++++++++++++++++++++===========:::::::::::-------------....................                  X
X++++++++++++++++++++++++++++++++++++++++++++++++===========::::::::::-------------....................                  X
X+++++++++++++++++++++++++++++++++++++++++++++++++==========::::::::::-------------....................                  X
X+++++++++++++++++++++++++++++++++++++++++++++++++==========:::::::::::------------....................                  X
X++++++++++++++++++++++++++++*********+++++++++++++=========:::::::::::------------....................                  X
X+++++++++++++++++++++++++***************+++++++++++=========::::::::::------------....................                  X
X+++++++++++++++++++++++******************++++++++++=========::::::::::-------------...................                  X
X++++++++++++++++++++++*********************+++++++++========::::::::::-------------...................                  X
X+++++++++++++++++++++***********************++++++++=========:::::::::-------------...................                  X
X++++++++++++++++++++*************************++++++++========:::::::::-------------...................                  X
X+++++++++++++++++++***************************+++++++========:::::::::-------------...................                  X
X++++++++++++++++++************^^^^^^^^^********+++++++=======:::::::::------------....................                  X
X+++++++++++++++++***********^^^^^^^^^^^^^*******++++++=======:::::::::------------....................                  X
X+++++++++++++++++*********^^^^^^^^^^^^^^^^^******++++++=======::::::::------------....................                  X
X++++++++++++++++*********^^^^^^^^^^^^^^^^^^^*****++++++=======:::::::::-----------...................                   X
X++++++++++++++++********^^^^^^^XXXXXXXX^^^^^^*****+++++=======:::::::::-----------...................                   X
X++++++++++++++++********^^^^^^XXXXXXXXXXX^^^^^****+++++=======:::::::::-----------...................                   X
X+++++++++++++++********^^^^^^XXXXXXXXXXXXX^^^^*****+++++======:::::::::-----------...................                   X
X+++++++++++++++********^^^^^XXXX########XXX^^^^****+++++======:::::::::-----------...................                   X
X+++++++++++++++*******^^^^^XXXX####%%####XXX^^^****+++++======:::::::::-----------...................                   X
X+++++++++++++++*******^^^^XXXX###%%%%%%###XX^^^****+++++======::::::::------------...................                   X
X+++++++++++++++*******^^^^XXX###%%@@@@%%##XXX^^^***+++++======::::::::------------...................                   X
X+++++++++++++++*******^^^^XXX##%%@@@@@@@%##XX^^^***+++++======::::::::------------...................                   X
X+++++++++++++++*******^^^^XXX##%@@@@@@@@%##XX^^^****++++======::::::::------------..................                    X
X+++++++++++++++*******^^^^XXX#%%@@@@@@@@%%#XX^^^****++++======::::::::-----------...................                    X
X+++++++++++++++*******^^^^XXX#%%@@@@@@@@%%#XX^^^***+++++======::::::::-----------...................                    X
X++++++++++++++++******^^^^XXX##%@@@@@@@@%##XX^^^***+++++======::::::::-----------...................                    X
X++++++++++++++++******^^^^XXX##%%@@@@@@@%##XX^^^***+++++======::::::::-----------...................                    X
X++++++++++++++++*******^^^^XX###%@@@@@@%%#XXX^^****++++======::::::::------------..................                     X
X+++++++++++++++++******^^^^XXX###%%%%%%%##XX^^^****++++======::::::::-----------...................                     X
X===+++++++++++++++******^^^^XXX####%%####XX^^^****+++++======::::::::-----------...................                     X
X=====+++++++++++++******^^^^^XXXX######XXXX^^^****++++=======::::::::-----------...................                     X
X======+++++++++++++******^^^^^XXXXXXXXXXX^^^^****+++++======::::::::------------..................                      X
X========++++++++++++******^^^^^^XXXXXXXX^^^^*****+++++======::::::::-----------...................                      X
X=========++++++++++++******^^^^^^^^^^^^^^^^*****+++++======:::::::::-----------...................                      X
X==========++++++++++++*******^^^^^^^^^^^^******+++++=======::::::::------------...................                      X
X============+++++++++++*********^^^^^^^*******++++++======:::::::::-----------...................                       X
X=============+++++++++++*********************++++++=======::::::::------------...................                       X
X===============+++++++++++*****************+++++++=======:::::::::------------...................                       X
X================++++++++++++*************++++++++=======:::::::::------------...................                        X
X==================++++++++++++++++**++++++++++++========:::::::::------------...................                        X
X====================++++++++++++++++++++++++++=========:::::::::------------....................                        X
X======================+++++++++++++++++++++++=========:::::::::-------------...................                         X
X========================++++++++++++++++++===========::::::::::------------....................                         X
X============================+++++++++++=============::::::::::-------------...................                          X
X::::==============================================:::::::::::-------------....................                          X
X:::::::::========================================:::::::::::--------------....................                          X
X::::::::::::===================================::::::::::::--------------....................                           X
X::::::::::::::::=============================:::::::::::::--------------.....................                           X
X:::::::::::::::::::========================::::::::::::::--------------.....................                            X
X::::::::::::::::::::::::===============:::::::::::::::::---------------.....................                            X
X:::::::::::::::::::::::::::::::::::::::::::::::::::::::---------------.....................                             X
X:::::::::::::::::::::::::::::::::::::::::::::::::::::----------------......................                             X
X::::::::::::::::::::::::::::::::::::::::::::::::::::----------------......................                              X
X::::::::::::::::::::::::::::::::::::::::::::::::::-----------------......................                               X
X::::::::::::::::::::::::::::::::::::::::::::::::------------------.......................                               X
X::::::::::::::::::::::::::::::::::::::::::::::-------------------.......................                                X
X----:::::::::::::::::::::::::::::::::::::::---------------------.......................                                 X
X--------------:::::::::::::::::::::::::------------------------........................                                 X
X-------------------------::::::-------------------------------........................                                  X
X------------------------------------------------------------.........................                                   X
X-----------------------------------------------------------.........................                                    X
X----------------------------------------------------------..........................                                    X
X--------------------------------------------------------...........................                                     X
X------------------------------------------------------............................                                      X
X----------------------------------------------------.............................                                       X
X--------------------------------------------------..............................                                        X
X-----------------------------------------------................................                                         X
X--------------------------------------------..................................                                          X
X----------------------------------------.....................................                                           X
X-----------------------------------.........................................                                            X
X.................-----.....................................................                                             X
X..........................................................................                                              X
X........................................................................                                                X
X.......................................................................                                                 X
X......................................................................                                                  X
X....................................................................                                                    X
X...................................................................                                                     X
X.................................................................                                                       X
X................................................................                                                        X
X..............................................................                                                          X
X............................................................                                                            X
X..........................................................                                                              X
X.......................................................                                                                 X
X.....................................................                                                                   X
X..................................................                                                                      X
X...............................................                                                                         X
X...........................................                                                                             X
X.......................................                                                                                 X
X..................................                                                                                      X
X.........................                                                                                               X
X                                                                                                                        X
X                                                                                                                        X
X                                                                                                                        X
X                                                                                                                        X
X                                                                                                                        X
X                                                                                                                        X
X                                                                                                                        X
X                                                                                                                        X
X                                                                                                                        X
X                                                                                                                        X
X                                                                                                                        X
X                                                                                                                        X
X                                                                                                                        X
X                                                                                                                        X
X                                                                                                                        X
X                                                                                                                        X
X                                                                                                                        X
X                                                                                                                        X
XXXXXXXXXXXXXXXXXXXXXXXXXXXXXXXXXXXXXXXXXXXXXXXXXXXXXXXXXXXXXXXXXXXXXXXXXXXXXXXXXXXXXXXXXXXXXXXXXXXXXXXXXXXXXXXXXXXXXXXXXX

Verification: OK
Time: 8.828143s
$!N_288{1, 8.8281}
