--------------------------------------------------------------------------
By default, for Open MPI 4.0 and later, infiniband ports on a device
are not used by default.  The intent is to use UCX for these devices.
You can override this policy by setting the btl_openib_allow_ib MCA parameter
to true.

  Local host:              n001
  Local adapter:           mlx4_0
  Local port:              1

--------------------------------------------------------------------------
--------------------------------------------------------------------------
WARNING: There was an error initializing an OpenFabrics device.

  Local host:   n001
  Local device: mlx4_0
--------------------------------------------------------------------------
N=192
T=19200
R=96
Step t=0:
XXXXXXXXXXXXXXXXXXXXXXXXXXXXXXXXXXXXXXXXXXXXXXXXXXXXXXXXXXXXXXXXXXXXXXXXXXXXXXXXXXXXXXXXXXXXXXXXXXXXXXXXXXXXXXXXXXXXXXXXXX
X                                                                                                                        X
X                                                                                                                        X
X                                                                                                                        X
X                                                                                                                        X
X                                                                                                                        X
X                                                                                                                        X
X                                                                                                                        X
X                                                                                                                        X
X                                                                                                                        X
X                                                                                                                        X
X                                                                                                                        X
X                                                                                                                        X
X                                                                                                                        X
X                                                                                                                        X
X                                                                                                                        X
X                                                                                                                        X
X                                                                                                                        X
X                                                                                                                        X
X                                                                                                                        X
X                                                                                                                        X
X                                                                                                                        X
X                                                                                                                        X
X                                                                                                                        X
X                                                                                                                        X
X                                                                                                                        X
X                                                                                                                        X
X                                                                                                                        X
X                                                                                                                        X
X                                                                                                                        X
X                                                                                                                        X
X                                                                                                                        X
X                                                                                                                        X
X                                                                                                                        X
X                                                                                                                        X
X                                                                                                                        X
X                                                                                                                        X
X                                                                                                                        X
X                                                                                                                        X
X                                                                                                                        X
X                                                                                                                        X
X                                                                                                                        X
X                                                                                                                        X
X                                                                                                                        X
X                                                                                                                        X
X                                                                                                                        X
X                                                                                                                        X
X                                                                                                                        X
X                                                =                                                                       X
X                                               =@=                                                                      X
X                                                =                                                                       X
X                                                                                                                        X
X                                                                                                                        X
X                                                                                                                        X
X                                                                                                                        X
X                                                                                                                        X
X                                                                                                                        X
X                                                                                                                        X
X                                                                                                                        X
X                                                                                                                        X
X                                                                                                                        X
X                                                                                                                        X
X                                                                                                                        X
X                                                                                                                        X
X                                                                                                                        X
X                                                                                                                        X
X                                                                                                                        X
X                                                                                                                        X
X                                                                                                                        X
X                                                                                                                        X
X                                                                                                                        X
X                                                                                                                        X
X                                                                                                                        X
X                                                                                                                        X
X                                                                                                                        X
X                                                                                                                        X
X                                                                                                                        X
X                                                                                                                        X
X                                                                                                                        X
X                                                                                                                        X
X                                                                                                                        X
X                                                                                                                        X
X                                                                                                                        X
X                                                                                                                        X
X                                                                                                                        X
X                                                                                                                        X
X                                                                                                                        X
X                                                                                                                        X
X                                                                                                                        X
X                                                                                                                        X
X                                                                                                                        X
X                                                                                                                        X
X                                                                                                                        X
X                                                                                                                        X
X                                                                                                                        X
X                                                                                                                        X
X                                                                                                                        X
X                                                                                                                        X
X                                                                                                                        X
X                                                                                                                        X
X                                                                                                                        X
X                                                                                                                        X
X                                                                                                                        X
X                                                                                                                        X
X                                                                                                                        X
X                                                                                                                        X
X                                                                                                                        X
X                                                                                                                        X
X                                                                                                                        X
X                                                                                                                        X
X                                                                                                                        X
X                                                                                                                        X
X                                                                                                                        X
X                                                                                                                        X
X                                                                                                                        X
X                                                                                                                        X
X                                                                                                                        X
X                                                                                                                        X
X                                                                                                                        X
X                                                                                                                        X
X                                                                                                                        X
XXXXXXXXXXXXXXXXXXXXXXXXXXXXXXXXXXXXXXXXXXXXXXXXXXXXXXXXXXXXXXXXXXXXXXXXXXXXXXXXXXXXXXXXXXXXXXXXXXXXXXXXXXXXXXXXXXXXXXXXXX

Step t=10000:
XXXXXXXXXXXXXXXXXXXXXXXXXXXXXXXXXXXXXXXXXXXXXXXXXXXXXXXXXXXXXXXXXXXXXXXXXXXXXXXXXXXXXXXXXXXXXXXXXXXXXXXXXXXXXXXXXXXXXXXXXX
X=================================================================::::::::::::::::::------------------...................X
X=================================================================::::::::::::::::::------------------...................X
X=================================================================::::::::::::::::::------------------...................X
X=================================================================::::::::::::::::::------------------...................X
X==================================================================:::::::::::::::::------------------...................X
X==================================================================:::::::::::::::::------------------...................X
X==================================================================:::::::::::::::::------------------...................X
X===================================================================::::::::::::::::------------------...................X
X===================================================================:::::::::::::::::-----------------...................X
X===================================================================:::::::::::::::::-----------------...................X
X====================================================================::::::::::::::::-----------------...................X
X====================================================================::::::::::::::::-----------------...................X
X=====================================================================:::::::::::::::-----------------...................X
X=====================================================================::::::::::::::::----------------...................X
X====================================+++++++++++++=====================:::::::::::::::----------------...................X
X==================================++++++++++++++++++===================::::::::::::::----------------...................X
X===============================+++++++++++++++++++++++=================::::::::::::::-----------------..................X
X==============================+++++++++++++++++++++++++=================:::::::::::::-----------------..................X
X============================+++++++++++++++++++++++++++++===============::::::::::::::----------------..................X
X===========================+++++++++++++++++++++++++++++++===============:::::::::::::----------------..................X
X==========================++++++++++++++++++++++++++++++++++=============:::::::::::::----------------..................X
X========================+++++++++++++++++++++++++++++++++++++=============::::::::::::----------------..................X
X=======================+++++++++++++++++++++++++++++++++++++++============:::::::::::::---------------..................X
X======================+++++++++++++++++++++++++++++++++++++++++============::::::::::::---------------..................X
X=====================+++++++++++++++++++++++++++++++++++++++++++===========::::::::::::---------------..................X
X=====================++++++++++++++++++++*********+++++++++++++++===========:::::::::::---------------..................X
X====================++++++++++++++++++***************+++++++++++++==========::::::::::::--------------..................X
X===================+++++++++++++++++********************++++++++++==========::::::::::::---------------.................X
X==================++++++++++++++++***********************++++++++++==========:::::::::::---------------.................X
X==================+++++++++++++++**************************+++++++++=========:::::::::::---------------.................X
X=================+++++++++++++++****************************++++++++=========:::::::::::---------------.................X
X================+++++++++++++++**************^^^^^***********++++++++=========::::::::::---------------.................X
X================++++++++++++++***********^^^^^^^^^^^^*********++++++++========:::::::::::--------------.................X
X================+++++++++++++**********^^^^^^^^^^^^^^^^********+++++++========:::::::::::--------------.................X
X===============+++++++++++++**********^^^^^^^^^^^^^^^^^^^******+++++++=========::::::::::--------------.................X
X===============+++++++++++++********^^^^^^^^^^^^^^^^^^^^^^******+++++++========::::::::::--------------.................X
X==============+++++++++++++********^^^^^^^^XXXXXXXXX^^^^^^^******++++++========::::::::::--------------.................X
X==============+++++++++++++********^^^^^^XXXXXXXXXXXXX^^^^^^*****+++++++=======::::::::::--------------.................X
X==============++++++++++++********^^^^^^XXXXXXXXXXXXXXXX^^^^******++++++=======::::::::::--------------.................X
X==============++++++++++++*******^^^^^^XXXXX########XXXXX^^^^*****++++++========:::::::::--------------.................X
X==============++++++++++++*******^^^^^XXXXX###########XXXX^^^^****++++++========:::::::::--------------.................X
X==============+++++++++++*******^^^^^XXXX#####%%%%%####XXX^^^^*****+++++========:::::::::--------------.................X
X==============+++++++++++*******^^^^^XXXX###%%%%%%%%%###XXX^^^*****++++++=======:::::::::--------------.................X
X==============+++++++++++*******^^^^XXXX###%%%@@@@@%%%##XXX^^^^****++++++=======:::::::::--------------.................X
X==============+++++++++++*******^^^^XXX###%%@@@@@@@@%%###XXX^^^****++++++=======:::::::::--------------.................X
X==============+++++++++++******^^^^^XXX###%%@@@@@@@@@%%##XXX^^^****++++++=======:::::::::--------------.................X
X==============+++++++++++******^^^^^XXX##%%@@@@@@@@@@@%##XXX^^^****++++++=======:::::::::-------------..................X
X==============+++++++++++******^^^^^XXX##%%@@@@@@@@@@@%##XXX^^^****++++++=======:::::::::-------------..................X
X==============+++++++++++******^^^^^XXX##%%@@@@@@@@@@@%%#XXX^^^****++++++=======:::::::::-------------..................X
X===============++++++++++******^^^^^XXX##%%@@@@@@@@@@@%##XXX^^^****++++++=======:::::::::-------------..................X
X===============+++++++++++******^^^^XXX##%%@@@@@@@@@@@%##XXX^^^****+++++=======::::::::::-------------..................X
X===============+++++++++++******^^^^XXX###%%@@@@@@@@@%%##XXX^^^****+++++=======::::::::::-------------..................X
X================++++++++++******^^^^^XXX##%%%@@@@@@@%%##XXX^^^^****+++++=======:::::::::--------------..................X
X================+++++++++++******^^^^XXX###%%%@@@@@%%###XXX^^^****++++++=======:::::::::-------------...................X
X=================++++++++++******^^^^^XXX####%%%%%%%###XXX^^^^****++++++=======:::::::::-------------...................X
X==================+++++++++*******^^^^XXXX######%#####XXX^^^^*****+++++=======::::::::::-------------...................X
X==================++++++++++******^^^^^XXXXX########XXXX^^^^^****++++++=======:::::::::--------------...................X
X===================++++++++++******^^^^^XXXXXXXXXXXXXXX^^^^^*****+++++========:::::::::-------------....................X
X====================+++++++++*******^^^^^^XXXXXXXXXXXX^^^^^*****++++++=======::::::::::-------------....................X
X====================++++++++++*******^^^^^^^XXXXXXXX^^^^^^*****++++++========:::::::::--------------....................X
X=====================++++++++++********^^^^^^^^^^^^^^^^^^*****+++++++=======::::::::::--------------....................X
X======================++++++++++********^^^^^^^^^^^^^^^*******++++++========::::::::::-------------.....................X
X=======================++++++++++**********^^^^^^^^^^*******+++++++========::::::::::--------------.....................X
X========================+++++++++++************************++++++++========::::::::::--------------.....................X
X=========================+++++++++++**********************++++++++========::::::::::--------------......................X
X::::======================++++++++++++******************+++++++++========:::::::::::--------------......................X
X:::::::=====================+++++++++++++************+++++++++++=========::::::::::--------------.......................X
X::::::::::===================+++++++++++++++++++++++++++++++++==========:::::::::::--------------...................... X
X::::::::::::===================++++++++++++++++++++++++++++++==========:::::::::::--------------....................... X
X::::::::::::::==================+++++++++++++++++++++++++++===========:::::::::::---------------....................... X
X:::::::::::::::====================++++++++++++++++++++++============::::::::::::--------------.......................  X
X:::::::::::::::::====================++++++++++++++++++=============::::::::::::---------------.......................  X
X:::::::::::::::::::=======================++++++++=================::::::::::::---------------.......................   X
X:::::::::::::::::::::============================================:::::::::::::----------------.......................   X
X:::::::::::::::::::::::=========================================:::::::::::::----------------........................   X
X:::::::::::::::::::::::::=====================================:::::::::::::::---------------........................    X
X::::::::::::::::::::::::::::================================::::::::::::::::----------------........................    X
X:::::::::::::::::::::::::::::::===========================::::::::::::::::-----------------........................     X
X::::::::::::::::::::::::::::::::::=====================::::::::::::::::::-----------------.........................     X
X:::::::::::::::::::::::::::::::::::::::===========::::::::::::::::::::::------------------........................      X
X:::::::::::::::::::::::::::::::::::::::::::::::::::::::::::::::::::::::------------------.........................      X
X:::::::::::::::::::::::::::::::::::::::::::::::::::::::::::::::::::::-------------------.........................       X
X::::::::::::::::::::::::::::::::::::::::::::::::::::::::::::::::::::-------------------..........................       X
X--------::::::::::::::::::::::::::::::::::::::::::::::::::::::::::--------------------..........................        X
X-------------:::::::::::::::::::::::::::::::::::::::::::::::::::---------------------..........................         X
X------------------::::::::::::::::::::::::::::::::::::::::::::----------------------...........................         X
X----------------------:::::::::::::::::::::::::::::::::::::------------------------...........................          X
X--------------------------::::::::::::::::::::::::::::::--------------------------...........................           X
X--------------------------------::::::::::::::::::::-----------------------------............................           X
X--------------------------------------------------------------------------------............................            X
X------------------------------------------------------------------------------.............................             X
X-----------------------------------------------------------------------------..............................             X
X---------------------------------------------------------------------------...............................              X
X--------------------------------------------------------------------------...............................               X
X------------------------------------------------------------------------................................                X
X----------------------------------------------------------------------.................................                 X
X--------------------------------------------------------------------..................................                  X
X------------------------------------------------------------------....................................                  X
X----------------------------------------------------------------.....................................                   X
X-------------------------------------------------------------.......................................                    X
X---------------------------------------------------------..........................................                     X
X................-------------------------------------.............................................                      X
X...........................-------------------..................................................                        X
X...............................................................................................                         X
X..............................................................................................                          X
X.............................................................................................                           X
X............................................................................................                            X
X..........................................................................................                              X
X.........................................................................................                               X
X.......................................................................................                                 X
X......................................................................................                                  X
X....................................................................................                                    X
X...................................................................................                                     X
X.................................................................................                                       X
X...............................................................................                                         X
X.............................................................................                                           X
X...........................................................................                                             X
X........................................................................                                                X
X......................................................................                                                  X
X...................................................................                                                     X
XXXXXXXXXXXXXXXXXXXXXXXXXXXXXXXXXXXXXXXXXXXXXXXXXXXXXXXXXXXXXXXXXXXXXXXXXXXXXXXXXXXXXXXXXXXXXXXXXXXXXXXXXXXXXXXXXXXXXXXXXX

Final:
XXXXXXXXXXXXXXXXXXXXXXXXXXXXXXXXXXXXXXXXXXXXXXXXXXXXXXXXXXXXXXXXXXXXXXXXXXXXXXXXXXXXXXXXXXXXXXXXXXXXXXXXXXXXXXXXXXXXXXXXXX
X^^^^^^^^^^^^^^^^^^^^^^^^^^^^^^^^^^^^^^^^^^^^^^^^^^^^******************++++++++++++++==============::::::::::::::::------X
X^^^^^^^^^^^^^^^^^^^^^^^^^^^^^^^^^^^^^^^^^^^^^^^^^^^^******************++++++++++++++==============::::::::::::::::------X
X^^^^^^^^^^^^^^^^^^^^^^^^^^^^^^^^^^^^^^^^^^^^^^^^^^^^******************++++++++++++++==============::::::::::::::::------X
X^^^^^^^^^^^^^^^^^^^^^^^^^^^^^^^^^^^^^^^^^^^^^^^^^^^^^*****************++++++++++++++==============::::::::::::::::------X
X^^^^^^^^^^^^^^^^^^^^^^^^^^^^^^^^^^^^^^^^^^^^^^^^^^^^^*****************++++++++++++++==============::::::::::::::::------X
X^^^^^^^^^^^^^^^^^^^^^^^^^^^^^^^^^^^^^^^^^^^^^^^^^^^^^******************+++++++++++++==============::::::::::::::::------X
X^^^^^^^^^^^^^^^^^^^^^^^^^^^^^^^^^^^^^^^^^^^^^^^^^^^^^^*****************+++++++++++++==============::::::::::::::::------X
X^^^^^^^^^^^^^^^^^^^^^^^^^^^^^^^^^^^^^^^^^^^^^^^^^^^^^^*****************+++++++++++++==============::::::::::::::::------X
X^^^^^^^^^^^^^^^^^^^^^^^^^^^^^^^^^^^^^^^^^^^^^^^^^^^^^^^****************+++++++++++++==============::::::::::::::::------X
X^^^^^^^^^^^^^^^^^^^^^^^^^^^^^^^^^^^^^^^^^^^^^^^^^^^^^^^****************+++++++++++++==============::::::::::::::::------X
X^^^^^^^^^^^^^^^^^^^^^^^^^^^^^^^^^^^^^^^^^^^^^^^^^^^^^^^^****************+++++++++++++=============::::::::::::::::------X
X^^^^^^^^^^^^^^^^^^^^^^^^^^^^^^^^^^^^^^^^^^^^^^^^^^^^^^^^^***************+++++++++++++=============::::::::::::::::------X
X^^^^^^^^^^^^^^^^^^^^^^^^^^^^^^^^^^^^^^^^^^^^^^^^^^^^^^^^^***************+++++++++++++=============::::::::::::::::------X
X^^^^^^^^^^^^^^^^^^^^^^^^^^^^^^^^^^^^^^^^^^^^^^^^^^^^^^^^^^**************+++++++++++++=============::::::::::::::::------X
X^^^^^^^^^^^^^^^^^^^^^^^^^^^^^^^^^^^^^^^^^^^^^^^^^^^^^^^^^^^**************++++++++++++=============::::::::::::::::------X
X^^^^^^^^^^^^^^^^^^^^^^^^^^^^^^^^^^^^^^^^^^^^^^^^^^^^^^^^^^^^*************++++++++++++=============::::::::::::::::------X
X^^^^^^^^^^^^^^^^^^^^^^^^^^^^^^^^^^^^^^^^^^^^^^^^^^^^^^^^^^^^*************++++++++++++=============::::::::::::::::------X
X^^^^^^^^^^^^^^^^^^^^^^^^^^^^^^^^^^^^^^^^^^^^^^^^^^^^^^^^^^^^^*************+++++++++++=============::::::::::::::::------X
X^^^^^^^^^^^^^^^^^^^^^^^^^^^^^^^^^^^^^^^^^^^^^^^^^^^^^^^^^^^^^^************++++++++++++============::::::::::::::::------X
X^^^^^^^^^^^^^^^^^^^^^^^^^^^^^^^^^^^^^^^^^^^^^^^^^^^^^^^^^^^^^^************++++++++++++============::::::::::::::::------X
X^^^^^^^^^^^^^^^^^^^^^^^^^^^^^^^^^^^^^^^^^^^^^^^^^^^^^^^^^^^^^^^***********++++++++++++============::::::::::::::::------X
X^^^^^^^^^^^^^^^^^^^^^^^^^^^^^^^^^^^^XXXXXXXXXX^^^^^^^^^^^^^^^^^^***********+++++++++++============::::::::::::::::------X
X^^^^^^^^^^^^^^^^^^^^^^^^^^^^^^^^^XXXXXXXXXXXXXXXX^^^^^^^^^^^^^^^***********+++++++++++============:::::::::::::::-------X
X^^^^^^^^^^^^^^^^^^^^^^^^^^^^^^^XXXXXXXXXXXXXXXXXXXXX^^^^^^^^^^^^^**********+++++++++++============:::::::::::::::-------X
X^^^^^^^^^^^^^^^^^^^^^^^^^^^^^^XXXXXXXXXXXXXXXXXXXXXXX^^^^^^^^^^^^^**********++++++++++============:::::::::::::::-------X
X^^^^^^^^^^^^^^^^^^^^^^^^^^^^XXXXXXXXXXXXXXXXXXXXXXXXXXX^^^^^^^^^^^**********++++++++++============:::::::::::::::-------X
X^^^^^^^^^^^^^^^^^^^^^^^^^^^XXXXXXXXXXXXXXXXXXXXXXXXXXXXX^^^^^^^^^^^*********+++++++++++===========:::::::::::::::-------X
X^^^^^^^^^^^^^^^^^^^^^^^^^^XXXXXXXXXXXXXXXXXXXXXXXXXXXXXXX^^^^^^^^^^*********+++++++++++===========:::::::::::::::-------X
X^^^^^^^^^^^^^^^^^^^^^^^^^XXXXXXXXXXXXXXXXXXXXXXXXXXXXXXXXXX^^^^^^^^^*********++++++++++===========:::::::::::::::-------X
X^^^^^^^^^^^^^^^^^^^^^^^^^XXXXXXXXXXXXXXXXXXXXXXXXXXXXXXXXXXX^^^^^^^^*********++++++++++===========:::::::::::::::-------X
X^^^^^^^^^^^^^^^^^^^^^^^^XXXXXXXXXXXXXXXXXXX#####XXXXXXXXXXXX^^^^^^^^^********++++++++++===========:::::::::::::::-------X
X^^^^^^^^^^^^^^^^^^^^^^^XXXXXXXXXXXXXXXXX###########XXXXXXXXXX^^^^^^^^********++++++++++===========:::::::::::::::-------X
X^^^^^^^^^^^^^^^^^^^^^^^XXXXXXXXXXXXXXX################XXXXXXXX^^^^^^^*********+++++++++===========:::::::::::::::-------X
X^^^^^^^^^^^^^^^^^^^^^^XXXXXXXXXXXXXX###################XXXXXXXX^^^^^^^********+++++++++===========:::::::::::::::-------X
X^^^^^^^^^^^^^^^^^^^^^^XXXXXXXXXXXXX#####################XXXXXXX^^^^^^^********+++++++++===========:::::::::::::::-------X
X^^^^^^^^^^^^^^^^^^^^^^XXXXXXXXXXXX#######################XXXXXXX^^^^^^********+++++++++===========:::::::::::::::-------X
X^^^^^^^^^^^^^^^^^^^^^XXXXXXXXXXXX##########%%%%%%%%#######XXXXXX^^^^^^^*******+++++++++===========::::::::::::::--------X
X^^^^^^^^^^^^^^^^^^^^^XXXXXXXXXXXX########%%%%%%%%%%%%######XXXXXX^^^^^^*******+++++++++===========::::::::::::::--------X
X^^^^^^^^^^^^^^^^^^^^^XXXXXXXXXXX########%%%%%%%%%%%%%%%#####XXXXX^^^^^^*******+++++++++===========::::::::::::::--------X
X^^^^^^^^^^^^^^^^^^^^^XXXXXXXXXXX#######%%%%%%%@@@@%%%%%%####XXXXX^^^^^^*******+++++++++===========::::::::::::::--------X
X^^^^^^^^^^^^^^^^^^^^^XXXXXXXXXX#######%%%%%@@@@@@@@@%%%%%####XXXXX^^^^^*******+++++++++===========::::::::::::::--------X
X^^^^^^^^^^^^^^^^^^^^^XXXXXXXXXX######%%%%%@@@@@@@@@@@@%%%####XXXXX^^^^^*******+++++++++===========::::::::::::::--------X
X^^^^^^^^^^^^^^^^^^^^^XXXXXXXXXX######%%%%@@@@@@@@@@@@@@%%%####XXXX^^^^^^******+++++++++===========::::::::::::::--------X
X^^^^^^^^^^^^^^^^^^^^^XXXXXXXXX######%%%%@@@@@@@@@@@@@@@%%%####XXXX^^^^^^******+++++++++==========::::::::::::::---------X
X^^^^^^^^^^^^^^^^^^^^^XXXXXXXXX######%%%%@@@@@@@@@@@@@@@@%%%###XXXX^^^^^^******+++++++++==========::::::::::::::---------X
X^^^^^^^^^^^^^^^^^^^^^XXXXXXXXX######%%%%@@@@@@@@@@@@@@@@%%%###XXXX^^^^^^******+++++++++==========::::::::::::::---------X
X^^^^^^^^^^^^^^^^^^^^^^XXXXXXXX######%%%@@@@@@@@@@@@@@@@@%%%###XXXX^^^^^^******++++++++===========::::::::::::::---------X
X^^^^^^^^^^^^^^^^^^^^^^XXXXXXXX######%%%@@@@@@@@@@@@@@@@@%%%###XXXX^^^^^*******++++++++===========::::::::::::::---------X
X^^^^^^^^^^^^^^^^^^^^^^XXXXXXXXX#####%%%@@@@@@@@@@@@@@@@@%%%###XXXX^^^^^*******++++++++===========:::::::::::::----------X
X^^^^^^^^^^^^^^^^^^^^^^^XXXXXXXX#####%%%@@@@@@@@@@@@@@@@@%%%###XXXX^^^^^*******++++++++==========::::::::::::::----------X
X^^^^^^^^^^^^^^^^^^^^^^^XXXXXXXX#####%%%%@@@@@@@@@@@@@@@@%%%###XXXX^^^^^******+++++++++==========::::::::::::::----------X
X^^^^^^^^^^^^^^^^^^^^^^^XXXXXXXXX#####%%%@@@@@@@@@@@@@@@@%%####XXXX^^^^^******++++++++===========::::::::::::::----------X
X***^^^^^^^^^^^^^^^^^^^^^XXXXXXXX#####%%%%@@@@@@@@@@@@@@%%%###XXXX^^^^^*******++++++++===========:::::::::::::-----------X
X******^^^^^^^^^^^^^^^^^^^XXXXXXX######%%%@@@@@@@@@@@@@%%%####XXXX^^^^^*******++++++++==========::::::::::::::-----------X
X********^^^^^^^^^^^^^^^^^XXXXXXXX#####%%%%@@@@@@@@@@@%%%%###XXXXX^^^^^******+++++++++==========::::::::::::::-----------X
X**********^^^^^^^^^^^^^^^^XXXXXXXX#####%%%%%@@@@@@@@%%%%####XXXX^^^^^*******++++++++===========:::::::::::::------------X
X***********^^^^^^^^^^^^^^^^XXXXXXXX#####%%%%%%%%%%%%%%%####XXXX^^^^^^*******++++++++==========::::::::::::::------------X
X*************^^^^^^^^^^^^^^^XXXXXXXX######%%%%%%%%%%%#####XXXXX^^^^^*******++++++++===========::::::::::::::------------X
X**************^^^^^^^^^^^^^^XXXXXXXXX#######%%%%%%%######XXXXX^^^^^^*******++++++++===========:::::::::::::-------------X
X***************^^^^^^^^^^^^^^XXXXXXXXX##################XXXXX^^^^^^*******+++++++++==========::::::::::::::-------------X
X*****************^^^^^^^^^^^^^^XXXXXXXXX##############XXXXXX^^^^^^^*******++++++++===========::::::::::::::-------------X
X******************^^^^^^^^^^^^^^XXXXXXXXXX##########XXXXXXX^^^^^^^*******+++++++++==========::::::::::::::--------------X
X********************^^^^^^^^^^^^^XXXXXXXXXXXXXXXXXXXXXXXXX^^^^^^^*******+++++++++===========::::::::::::::--------------X
X*********************^^^^^^^^^^^^^^XXXXXXXXXXXXXXXXXXXXX^^^^^^^^********+++++++++===========::::::::::::::--------------X
X***********************^^^^^^^^^^^^^^XXXXXXXXXXXXXXXXXX^^^^^^^^********+++++++++===========::::::::::::::---------------X
X************************^^^^^^^^^^^^^^^^XXXXXXXXXXXX^^^^^^^^^^********+++++++++============::::::::::::::---------------X
X**************************^^^^^^^^^^^^^^^^^^^^^^^^^^^^^^^^^^^********++++++++++===========::::::::::::::----------------X
X****************************^^^^^^^^^^^^^^^^^^^^^^^^^^^^^^^*********++++++++++===========:::::::::::::::----------------X
X******************************^^^^^^^^^^^^^^^^^^^^^^^^^^^**********++++++++++============::::::::::::::-----------------X
X*********************************^^^^^^^^^^^^^^^^^^^^^^***********+++++++++++===========:::::::::::::::-----------------X
X+++++*******************************^^^^^^^^^^^^^^^^*************+++++++++++============::::::::::::::------------------X
X++++++++++********************************^^^^^*****************+++++++++++============:::::::::::::::------------------X
X++++++++++++++************************************************++++++++++++============:::::::::::::::-------------------X
X+++++++++++++++++********************************************++++++++++++=============:::::::::::::::-------------------X
X+++++++++++++++++++++**************************************+++++++++++++=============:::::::::::::::--------------------X
X++++++++++++++++++++++++*********************************++++++++++++++=============:::::::::::::::---------------------X
X++++++++++++++++++++++++++++**************************++++++++++++++++=============::::::::::::::::---------------------X
X++++++++++++++++++++++++++++++++******************++++++++++++++++++==============::::::::::::::::---------------------.X
X+++++++++++++++++++++++++++++++++++++++++++++++++++++++++++++++++++==============::::::::::::::::---------------------..X
X+++++++++++++++++++++++++++++++++++++++++++++++++++++++++++++++++===============:::::::::::::::::---------------------..X
X++++++++++++++++++++++++++++++++++++++++++++++++++++++++++++++++===============:::::::::::::::::---------------------...X
X++++++++++++++++++++++++++++++++++++++++++++++++++++++++++++++================:::::::::::::::::----------------------...X
X++++++++++++++++++++++++++++++++++++++++++++++++++++++++++++=================:::::::::::::::::----------------------....X
X+++++++++++++++++++++++++++++++++++++++++++++++++++++++++===================::::::::::::::::::---------------------.....X
X==========+++++++++++++++++++++++++++++++++++++++++++++====================::::::::::::::::::----------------------.....X
X==================+++++++++++++++++++++++++++++++++=======================::::::::::::::::::----------------------......X
X==========================++++++++++++++++++++==========================:::::::::::::::::::-----------------------......X
X=======================================================================:::::::::::::::::::-----------------------.......X
X=====================================================================::::::::::::::::::::-----------------------........X
X===================================================================:::::::::::::::::::::-----------------------.........X
X==================================================================:::::::::::::::::::::------------------------.........X
X================================================================::::::::::::::::::::::------------------------..........X
X=============================================================::::::::::::::::::::::::------------------------...........X
X===========================================================:::::::::::::::::::::::::------------------------............X
X========================================================::::::::::::::::::::::::::--------------------------............X
X=====================================================::::::::::::::::::::::::::::--------------------------.............X
X=================================================:::::::::::::::::::::::::::::::--------------------------..............X
X===========================================:::::::::::::::::::::::::::::::::::---------------------------...............X
X:::::::::::::::::::::::::::::::::::::::::::::::::::::::::::::::::::::::::::::---------------------------................X
X:::::::::::::::::::::::::::::::::::::::::::::::::::::::::::::::::::::::::::----------------------------.................X
X::::::::::::::::::::::::::::::::::::::::::::::::::::::::::::::::::::::::::----------------------------..................X
X::::::::::::::::::::::::::::::::::::::::::::::::::::::::::::::::::::::::-----------------------------...................X
X::::::::::::::::::::::::::::::::::::::::::::::::::::::::::::::::::::::------------------------------....................X
X::::::::::::::::::::::::::::::::::::::::::::::::::::::::::::::::::::-------------------------------.....................X
X::::::::::::::::::::::::::::::::::::::::::::::::::::::::::::::::::--------------------------------......................X
X::::::::::::::::::::::::::::::::::::::::::::::::::::::::::::::::---------------------------------.......................X
X:::::::::::::::::::::::::::::::::::::::::::::::::::::::::::::-----------------------------------........................X
X::::::::::::::::::::::::::::::::::::::::::::::::::::::::::-------------------------------------.........................X
X:::::::::::::::::::::::::::::::::::::::::::::::::::::::--------------------------------------...........................X
X::::::::::::::::::::::::::::::::::::::::::::::::::::----------------------------------------............................X
X::::::::::::::::::::::::::::::::::::::::::::::::-------------------------------------------.............................X
X:::::::::::::::::::::::::::::::::::::::::::----------------------------------------------...............................X
X::::::::::::::::::::::::::::::::::::----------------------------------------------------................................X
X::::::::::::::::::::::-----------------------------------------------------------------.................................X
X-------------------------------------------------------------------------------------...................................X
X-----------------------------------------------------------------------------------.....................................X
X----------------------------------------------------------------------------------......................................X
X--------------------------------------------------------------------------------........................................X
X------------------------------------------------------------------------------..........................................X
X-----------------------------------------------------------------------------...........................................X
XXXXXXXXXXXXXXXXXXXXXXXXXXXXXXXXXXXXXXXXXXXXXXXXXXXXXXXXXXXXXXXXXXXXXXXXXXXXXXXXXXXXXXXXXXXXXXXXXXXXXXXXXXXXXXXXXXXXXXXXXX

Verification: OK
Time: 3.862116s
$!N_192{96, 3.9118}
[n001.intern.lcc3.intra.uibk.ac.at:1151005] 95 more processes have sent help message help-mpi-btl-openib.txt / ib port not selected
[n001.intern.lcc3.intra.uibk.ac.at:1151005] Set MCA parameter "orte_base_help_aggregate" to 0 to see all help / error messages
[n001.intern.lcc3.intra.uibk.ac.at:1151005] 95 more processes have sent help message help-mpi-btl-openib.txt / error in device init
