--------------------------------------------------------------------------
By default, for Open MPI 4.0 and later, infiniband ports on a device
are not used by default.  The intent is to use UCX for these devices.
You can override this policy by setting the btl_openib_allow_ib MCA parameter
to true.

  Local host:              n011
  Local adapter:           mlx4_0
  Local port:              1

--------------------------------------------------------------------------
--------------------------------------------------------------------------
WARNING: There was an error initializing an OpenFabrics device.

  Local host:   n011
  Local device: mlx4_0
--------------------------------------------------------------------------
N=480
T=48000
R=1
Step t=0:
XXXXXXXXXXXXXXXXXXXXXXXXXXXXXXXXXXXXXXXXXXXXXXXXXXXXXXXXXXXXXXXXXXXXXXXXXXXXXXXXXXXXXXXXXXXXXXXXXXXXXXXXXXXXXXXXXXXXXXXXXX
X                                                                                                                        X
X                                                                                                                        X
X                                                                                                                        X
X                                                                                                                        X
X                                                                                                                        X
X                                                                                                                        X
X                                                                                                                        X
X                                                                                                                        X
X                                                                                                                        X
X                                                                                                                        X
X                                                                                                                        X
X                                                                                                                        X
X                                                                                                                        X
X                                                                                                                        X
X                                                                                                                        X
X                                                                                                                        X
X                                                                                                                        X
X                                                                                                                        X
X                                                                                                                        X
X                                                                                                                        X
X                                                                                                                        X
X                                                                                                                        X
X                                                                                                                        X
X                                                                                                                        X
X                                                                                                                        X
X                                                                                                                        X
X                                                                                                                        X
X                                                                                                                        X
X                                                                                                                        X
X                              =                                                                                         X
X                             =@                                                                                         X
X                                                                                                                        X
X                                                                                                                        X
X                                                                                                                        X
X                                                                                                                        X
X                                                                                                                        X
X                                                                                                                        X
X                                                                                                                        X
X                                                                                                                        X
X                                                                                                                        X
X                                                                                                                        X
X                                                                                                                        X
X                                                                                                                        X
X                                                                                                                        X
X                                                                                                                        X
X                                                                                                                        X
X                                                                                                                        X
X                                                                                                                        X
X                                                                                                                        X
X                                                                                                                        X
X                                                                                                                        X
X                                                                                                                        X
X                                                                                                                        X
X                                                                                                                        X
X                                                                                                                        X
X                                                                                                                        X
X                                                                                                                        X
X                                                                                                                        X
X                                                                                                                        X
X                                                                                                                        X
X                                                                                                                        X
X                                                                                                                        X
X                                                                                                                        X
X                                                                                                                        X
X                                                                                                                        X
X                                                                                                                        X
X                                                                                                                        X
X                                                                                                                        X
X                                                                                                                        X
X                                                                                                                        X
X                                                                                                                        X
X                                                                                                                        X
X                                                                                                                        X
X                                                                                                                        X
X                                                                                                                        X
X                                                                                                                        X
X                                                                                                                        X
X                                                                                                                        X
X                                                                                                                        X
X                                                                                                                        X
X                                                                                                                        X
X                                                                                                                        X
X                                                                                                                        X
X                                                                                                                        X
X                                                                                                                        X
X                                                                                                                        X
X                                                                                                                        X
X                                                                                                                        X
X                                                                                                                        X
X                                                                                                                        X
X                                                                                                                        X
X                                                                                                                        X
X                                                                                                                        X
X                                                                                                                        X
X                                                                                                                        X
X                                                                                                                        X
X                                                                                                                        X
X                                                                                                                        X
X                                                                                                                        X
X                                                                                                                        X
X                                                                                                                        X
X                                                                                                                        X
X                                                                                                                        X
X                                                                                                                        X
X                                                                                                                        X
X                                                                                                                        X
X                                                                                                                        X
X                                                                                                                        X
X                                                                                                                        X
X                                                                                                                        X
X                                                                                                                        X
X                                                                                                                        X
X                                                                                                                        X
X                                                                                                                        X
X                                                                                                                        X
X                                                                                                                        X
X                                                                                                                        X
X                                                                                                                        X
X                                                                                                                        X
X                                                                                                                        X
XXXXXXXXXXXXXXXXXXXXXXXXXXXXXXXXXXXXXXXXXXXXXXXXXXXXXXXXXXXXXXXXXXXXXXXXXXXXXXXXXXXXXXXXXXXXXXXXXXXXXXXXXXXXXXXXXXXXXXXXXX

Step t=10000:
XXXXXXXXXXXXXXXXXXXXXXXXXXXXXXXXXXXXXXXXXXXXXXXXXXXXXXXXXXXXXXXXXXXXXXXXXXXXXXXXXXXXXXXXXXXXXXXXXXXXXXXXXXXXXXXXXXXXXXXXXX
X                                                                                                                        X
X                                                                                                                        X
X                                                                                                                        X
X                                                                                                                        X
X                                                                                                                        X
X                                                                                                                        X
X                                                                                                                        X
X                                                                                                                        X
X                                                                                                                        X
X                                                                                                                        X
X                                                                                                                        X
X                                                                                                                        X
X                          .........                                                                                     X
X                       ...............                                                                                  X
X                     ..................                                                                                 X
X                   ......................                                                                               X
X                  ........................                                                                              X
X                 ...........----...........                                                                             X
X                .........-----------........                                                                            X
X               ........--------------........                                                                           X
X               .......-----------------.......                                                                          X
X              .......-----:::::::::-----......                                                                          X
X              ......----::::::::::::----.......                                                                         X
X             ......----::::=======:::----......                                                                         X
X             ......---:::===++++===:::----.....                                                                         X
X             .....----::==++++++++==:::---......                                                                        X
X            ......---:::=++**^^**++==::---......                                                                        X
X            ......---::==+*^^XXX^*+==::----.....                                                                        X
X            .....----::=++*^#%%#X^*+=:::---.....                                                                        X
X            .....----::=++^X%@@@X^*+=:::---.....                                                                        X
X            .....----::=++^X%@@@X^*+==::---.....                                                                        X
X            .....----::=++*X#@@%X^*+=:::---.....                                                                        X
X            ......---::==+*^XXXX^*++=::----.....                                                                        X
X            ......---::==++*^^^^*++==::---......                                                                        X
X            ......---:::==++****++==:::---......                                                                        X
X             .....----:::===+++++==:::----.....                                                                         X
X             ......----:::========:::----......                                                                         X
X             .......----::::::=:::::-----......                                                                         X
X              ......-----::::::::::-----......                                                                          X
X               ......-------::::-------.......                                                                          X
X               ........---------------.......                                                                           X
X                ........------------........                                                                            X
X                 ..........------..........                                                                             X
X                  ........................                                                                              X
X                   ......................                                                                               X
X                    ....................                                                                                X
X                      ................                                                                                  X
X                         ..........                                                                                     X
X                                                                                                                        X
X                                                                                                                        X
X                                                                                                                        X
X                                                                                                                        X
X                                                                                                                        X
X                                                                                                                        X
X                                                                                                                        X
X                                                                                                                        X
X                                                                                                                        X
X                                                                                                                        X
X                                                                                                                        X
X                                                                                                                        X
X                                                                                                                        X
X                                                                                                                        X
X                                                                                                                        X
X                                                                                                                        X
X                                                                                                                        X
X                                                                                                                        X
X                                                                                                                        X
X                                                                                                                        X
X                                                                                                                        X
X                                                                                                                        X
X                                                                                                                        X
X                                                                                                                        X
X                                                                                                                        X
X                                                                                                                        X
X                                                                                                                        X
X                                                                                                                        X
X                                                                                                                        X
X                                                                                                                        X
X                                                                                                                        X
X                                                                                                                        X
X                                                                                                                        X
X                                                                                                                        X
X                                                                                                                        X
X                                                                                                                        X
X                                                                                                                        X
X                                                                                                                        X
X                                                                                                                        X
X                                                                                                                        X
X                                                                                                                        X
X                                                                                                                        X
X                                                                                                                        X
X                                                                                                                        X
X                                                                                                                        X
X                                                                                                                        X
X                                                                                                                        X
X                                                                                                                        X
X                                                                                                                        X
X                                                                                                                        X
X                                                                                                                        X
X                                                                                                                        X
X                                                                                                                        X
X                                                                                                                        X
X                                                                                                                        X
X                                                                                                                        X
X                                                                                                                        X
X                                                                                                                        X
X                                                                                                                        X
X                                                                                                                        X
X                                                                                                                        X
X                                                                                                                        X
X                                                                                                                        X
X                                                                                                                        X
X                                                                                                                        X
X                                                                                                                        X
X                                                                                                                        X
X                                                                                                                        X
X                                                                                                                        X
X                                                                                                                        X
X                                                                                                                        X
X                                                                                                                        X
XXXXXXXXXXXXXXXXXXXXXXXXXXXXXXXXXXXXXXXXXXXXXXXXXXXXXXXXXXXXXXXXXXXXXXXXXXXXXXXXXXXXXXXXXXXXXXXXXXXXXXXXXXXXXXXXXXXXXXXXXX

Step t=20000:
XXXXXXXXXXXXXXXXXXXXXXXXXXXXXXXXXXXXXXXXXXXXXXXXXXXXXXXXXXXXXXXXXXXXXXXXXXXXXXXXXXXXXXXXXXXXXXXXXXXXXXXXXXXXXXXXXXXXXXXXXX
X                    ...................                                                                                 X
X                    ...................                                                                                 X
X                   .....................                                                                                X
X                  .......................                                                                               X
X                 .........................                                                                              X
X                ...........................                                                                             X
X               .............................                                                                            X
X              ...............................                                                                           X
X             .................................                                                                          X
X            ..................................                                                                          X
X           ....................................                                                                         X
X          ......................................                                                                        X
X         .................--------...............                                                                       X
X        ...............--------------.............                                                                      X
X       ..............------------------...........                                                                      X
X      ..............--------------------...........                                                                     X
X     .............-----------------------..........                                                                     X
X    .............----------:::::::--------..........                                                                    X
X   .............--------::::::::::::-------.........                                                                    X
X  ..............------::::::::::::::::------.........                                                                   X
X...............------:::::::====:::::::------........                                                                   X
X..............------:::::==========:::::-----.........                                                                  X
X..............-----:::::============:::::-----........                                                                  X
X.............------::::===++++++++===::::-----........                                                                  X
X.............-----::::===+++****+++===::::-----.......                                                                  X
X.............-----:::===++********++===:::-----........                                                                 X
X............------:::==++**^^^^^^**++==:::-----........                                                                 X
X............-----::::==++*^XX###X^*++===:::----........                                                                 X
X............-----:::===+**^X%@@%#^**+===:::----........                                                                 X
X............-----:::===+**^#@@@@#X^*++==:::----........                                                                 X
X............-----:::===+**^#@@@@#X^*++==:::----........                                                                 X
X............-----:::===+**^#%@@@#X^*++==:::----........                                                                 X
X............-----::::==++*^X####X^**+===:::----........                                                                 X
X............-----::::==++**^^XXX^**++==:::-----........                                                                 X
X.............-----:::===++***^^^**++===:::-----.......                                                                  X
X.............-----::::===+++*****+++==::::-----.......                                                                  X
X.............------::::===++++++++====:::-----........                                                                  X
X..............-----:::::=====+++=====::::-----........                                                                  X
X..............------:::::==========:::::-----........                                                                   X
X  .............------::::::======::::::------........                                                                   X
X   .............------::::::::::::::::------.........                                                                   X
X    .............-------::::::::::::-------.........                                                                    X
X     .............---------::::::---------..........                                                                    X
X      .............----------------------..........                                                                     X
X       .............--------------------..........                                                                      X
X        ..............----------------............                                                                      X
X          ..............------------.............                                                                       X
X           .....................................                                                                        X
X            ...................................                                                                         X
X             .................................                                                                          X
X               .............................                                                                            X
X                 ..........................                                                                             X
X                   ......................                                                                               X
X                     .................                                                                                  X
X                         .........                                                                                      X
X                                                                                                                        X
X                                                                                                                        X
X                                                                                                                        X
X                                                                                                                        X
X                                                                                                                        X
X                                                                                                                        X
X                                                                                                                        X
X                                                                                                                        X
X                                                                                                                        X
X                                                                                                                        X
X                                                                                                                        X
X                                                                                                                        X
X                                                                                                                        X
X                                                                                                                        X
X                                                                                                                        X
X                                                                                                                        X
X                                                                                                                        X
X                                                                                                                        X
X                                                                                                                        X
X                                                                                                                        X
X                                                                                                                        X
X                                                                                                                        X
X                                                                                                                        X
X                                                                                                                        X
X                                                                                                                        X
X                                                                                                                        X
X                                                                                                                        X
X                                                                                                                        X
X                                                                                                                        X
X                                                                                                                        X
X                                                                                                                        X
X                                                                                                                        X
X                                                                                                                        X
X                                                                                                                        X
X                                                                                                                        X
X                                                                                                                        X
X                                                                                                                        X
X                                                                                                                        X
X                                                                                                                        X
X                                                                                                                        X
X                                                                                                                        X
X                                                                                                                        X
X                                                                                                                        X
X                                                                                                                        X
X                                                                                                                        X
X                                                                                                                        X
X                                                                                                                        X
X                                                                                                                        X
X                                                                                                                        X
X                                                                                                                        X
X                                                                                                                        X
X                                                                                                                        X
X                                                                                                                        X
X                                                                                                                        X
X                                                                                                                        X
X                                                                                                                        X
X                                                                                                                        X
X                                                                                                                        X
X                                                                                                                        X
X                                                                                                                        X
X                                                                                                                        X
X                                                                                                                        X
X                                                                                                                        X
X                                                                                                                        X
X                                                                                                                        X
XXXXXXXXXXXXXXXXXXXXXXXXXXXXXXXXXXXXXXXXXXXXXXXXXXXXXXXXXXXXXXXXXXXXXXXXXXXXXXXXXXXXXXXXXXXXXXXXXXXXXXXXXXXXXXXXXXXXXXXXXX

Step t=30000:
XXXXXXXXXXXXXXXXXXXXXXXXXXXXXXXXXXXXXXXXXXXXXXXXXXXXXXXXXXXXXXXXXXXXXXXXXXXXXXXXXXXXXXXXXXXXXXXXXXXXXXXXXXXXXXXXXXXXXXXXXX
X......................................................                                                                  X
X......................................................                                                                  X
X......................................................                                                                  X
X...........................----.......................                                                                  X
X........................----------....................                                                                  X
X......................--------------..................                                                                  X
X....................-----------------..................                                                                 X
X...................--------------------................                                                                 X
X.................-----------------------...............                                                                 X
X................-------------------------...............                                                                X
X...............---------------------------..............                                                                X
X..............-----------------------------..............                                                               X
X.............-------------------------------.............                                                               X
X............----------------:::--------------............                                                               X
X...........-------------:::::::::::-----------............                                                              X
X..........------------:::::::::::::::----------...........                                                              X
X.........-----------:::::::::::::::::::--------...........                                                              X
X........-----------:::::::::::::::::::::--------...........                                                             X
X........----------::::::::========:::::::-------...........                                                             X
X.......----------:::::::============::::::-------..........                                                             X
X......----------::::::===============::::::------..........                                                             X
X......----------:::::======++++++=====:::::-------.........                                                             X
X.....----------:::::=====++++++++++====:::::------..........                                                            X
X.....----------:::::====++++****++++====::::------..........                                                            X
X....----------:::::====+++********+++===:::::-----..........                                                            X
X....----------:::::===+++**^^^^^^**+++===::::------.........                                                            X
X....----------::::====++**^^XXXX^^**++===::::------.........                                                            X
X...-----------::::===+++*^^X####X^^**++==::::------.........                                                            X
X...----------:::::===++**^X#%@@@#X^**++===:::------.........                                                            X
X...----------:::::===++**^X#@@@@%X^**++===:::------.........                                                            X
X...----------:::::===++**^X#@@@@%X^**++===:::------.........                                                            X
X....----------::::===++**^X#@@@@#X^**++===:::------.........                                                            X
X....----------::::===+++*^^X#%%##X^**++==::::------.........                                                            X
X....----------::::====++**^^XXXXX^**++===::::------.........                                                            X
X.....---------:::::===+++**^^^^^^**+++===::::-----..........                                                            X
X.....----------::::====+++********+++===::::------..........                                                            X
X......---------:::::====+++******+++====::::------.........                                                             X
X.......---------:::::====++++++++++====:::::------.........                                                             X
X.......---------::::::=====++++++=====:::::------..........                                                             X
X........---------::::::==============:::::-------..........                                                             X
X.........---------:::::::==========::::::-------..........                                                              X
X..........---------:::::::::====::::::::-------...........                                                              X
X...........---------:::::::::::::::::::--------..........                                                               X
X............----------::::::::::::::::--------...........                                                               X
X.............-----------:::::::::::----------...........                                                                X
X..............------------------------------............                                                                X
X...............----------------------------............                                                                 X
X.................------------------------.............                                                                  X
X...................---------------------..............                                                                  X
X.....................-----------------...............                                                                   X
X.........................---------..................                                                                    X
X...................................................                                                                     X
X..................................................                                                                      X
X.................................................                                                                       X
X      .........................................                                                                         X
X         .....................................                                                                          X
X           .................................                                                                            X
X              ............................                                                                              X
X                 .......................                                                                                X
X                      ..............                                                                                    X
X                                                                                                                        X
X                                                                                                                        X
X                                                                                                                        X
X                                                                                                                        X
X                                                                                                                        X
X                                                                                                                        X
X                                                                                                                        X
X                                                                                                                        X
X                                                                                                                        X
X                                                                                                                        X
X                                                                                                                        X
X                                                                                                                        X
X                                                                                                                        X
X                                                                                                                        X
X                                                                                                                        X
X                                                                                                                        X
X                                                                                                                        X
X                                                                                                                        X
X                                                                                                                        X
X                                                                                                                        X
X                                                                                                                        X
X                                                                                                                        X
X                                                                                                                        X
X                                                                                                                        X
X                                                                                                                        X
X                                                                                                                        X
X                                                                                                                        X
X                                                                                                                        X
X                                                                                                                        X
X                                                                                                                        X
X                                                                                                                        X
X                                                                                                                        X
X                                                                                                                        X
X                                                                                                                        X
X                                                                                                                        X
X                                                                                                                        X
X                                                                                                                        X
X                                                                                                                        X
X                                                                                                                        X
X                                                                                                                        X
X                                                                                                                        X
X                                                                                                                        X
X                                                                                                                        X
X                                                                                                                        X
X                                                                                                                        X
X                                                                                                                        X
X                                                                                                                        X
X                                                                                                                        X
X                                                                                                                        X
X                                                                                                                        X
X                                                                                                                        X
X                                                                                                                        X
X                                                                                                                        X
X                                                                                                                        X
X                                                                                                                        X
X                                                                                                                        X
X                                                                                                                        X
X                                                                                                                        X
X                                                                                                                        X
X                                                                                                                        X
XXXXXXXXXXXXXXXXXXXXXXXXXXXXXXXXXXXXXXXXXXXXXXXXXXXXXXXXXXXXXXXXXXXXXXXXXXXXXXXXXXXXXXXXXXXXXXXXXXXXXXXXXXXXXXXXXXXXXXXXXX

Step t=40000:
XXXXXXXXXXXXXXXXXXXXXXXXXXXXXXXXXXXXXXXXXXXXXXXXXXXXXXXXXXXXXXXXXXXXXXXXXXXXXXXXXXXXXXXXXXXXXXXXXXXXXXXXXXXXXXXXXXXXXXXXXX
X----------------------------------------------................                                                          X
X----------------------------------------------................                                                          X
X----------------------------------------------................                                                          X
X----------------------------------------------................                                                          X
X-----------------------------------------------...............                                                          X
X-----------------------------------------------...............                                                          X
X-----------------------------------------------...............                                                          X
X------------------------------------------------...............                                                         X
X------------------------::::::::----------------...............                                                         X
X----------------------:::::::::::::--------------..............                                                         X
X--------------------:::::::::::::::::------------..............                                                         X
X------------------::::::::::::::::::::------------.............                                                         X
X-----------------:::::::::::::::::::::::----------.............                                                         X
X----------------:::::::::::::::::::::::::----------.............                                                        X
X---------------:::::::::::::::::::::::::::---------.............                                                        X
X--------------::::::::::::======:::::::::::---------............                                                        X
X-------------::::::::::============:::::::::--------............                                                        X
X------------::::::::::===============:::::::--------............                                                        X
X-----------:::::::::==================:::::::--------...........                                                        X
X-----------::::::::========+++++=======::::::--------............                                                       X
X----------::::::::=======++++++++++=====::::::-------............                                                       X
X----------::::::::=====+++++++++++++=====:::::-------............                                                       X
X---------::::::::=====+++++******++++=====:::::-------...........                                                       X
X---------:::::::=====++++**********+++====:::::-------...........                                                       X
X--------::::::::=====+++***^^^^^^***+++====::::-------...........                                                       X
X--------::::::::====+++***^^^XX^^^***++====::::-------...........                                                       X
X--------:::::::=====+++**^^XX##XX^^**+++===:::::------...........                                                       X
X--------:::::::====+++**^^X##%%##X^^**++===:::::------...........                                                       X
X--------:::::::====+++**^^X#@@@@%XX^**++===:::::------...........                                                       X
X--------:::::::====+++**^X#%@@@@%#X^**++===:::::------...........                                                       X
X--------:::::::====+++**^X#%@@@@%#X^**++===:::::------...........                                                       X
X--------:::::::====+++**^^X#@@@@%#X^**++===:::::------...........                                                       X
X---------:::::::====++**^^X#%%%%#X^^**++===:::::------...........                                                       X
X---------:::::::====+++**^^XX###X^^**+++===::::-------...........                                                       X
X---------:::::::====+++***^^XXXX^^***++====::::-------..........                                                        X
X----------:::::::====+++***^^^^^^***+++===:::::------...........                                                        X
X----------:::::::=====+++**********+++====::::-------...........                                                        X
X-----------:::::::=====++++******++++====:::::-------...........                                                        X
X------------:::::::=====++++++++++++====:::::-------............                                                        X
X------------::::::::======++++++++=====::::::-------...........                                                         X
X-------------::::::::=================::::::-------............                                                         X
X--------------::::::::===============::::::--------............                                                         X
X---------------:::::::::===========:::::::--------............                                                          X
X----------------:::::::::::::::::::::::::---------............                                                          X
X------------------::::::::::::::::::::::---------............                                                           X
X--------------------::::::::::::::::::----------.............                                                           X
X....------------------::::::::::::::-----------.............                                                            X
X.......-------------------:::::::-------------..............                                                            X
X.........------------------------------------..............                                                             X
X...........---------------------------------..............                                                              X
X.............-----------------------------................                                                              X
X...............-------------------------.................                                                               X
X..................--------------------..................                                                                X
X......................-------------....................                                                                 X
X......................................................                                                                  X
X.....................................................                                                                   X
X....................................................                                                                    X
X...................................................                                                                     X
X.................................................                                                                       X
X................................................                                                                        X
X..............................................                                                                          X
X............................................                                                                            X
X       ...................................                                                                              X
X             ..........................                                                                                 X
X                   ...............                                                                                      X
X                                                                                                                        X
X                                                                                                                        X
X                                                                                                                        X
X                                                                                                                        X
X                                                                                                                        X
X                                                                                                                        X
X                                                                                                                        X
X                                                                                                                        X
X                                                                                                                        X
X                                                                                                                        X
X                                                                                                                        X
X                                                                                                                        X
X                                                                                                                        X
X                                                                                                                        X
X                                                                                                                        X
X                                                                                                                        X
X                                                                                                                        X
X                                                                                                                        X
X                                                                                                                        X
X                                                                                                                        X
X                                                                                                                        X
X                                                                                                                        X
X                                                                                                                        X
X                                                                                                                        X
X                                                                                                                        X
X                                                                                                                        X
X                                                                                                                        X
X                                                                                                                        X
X                                                                                                                        X
X                                                                                                                        X
X                                                                                                                        X
X                                                                                                                        X
X                                                                                                                        X
X                                                                                                                        X
X                                                                                                                        X
X                                                                                                                        X
X                                                                                                                        X
X                                                                                                                        X
X                                                                                                                        X
X                                                                                                                        X
X                                                                                                                        X
X                                                                                                                        X
X                                                                                                                        X
X                                                                                                                        X
X                                                                                                                        X
X                                                                                                                        X
X                                                                                                                        X
X                                                                                                                        X
X                                                                                                                        X
X                                                                                                                        X
X                                                                                                                        X
X                                                                                                                        X
X                                                                                                                        X
X                                                                                                                        X
X                                                                                                                        X
XXXXXXXXXXXXXXXXXXXXXXXXXXXXXXXXXXXXXXXXXXXXXXXXXXXXXXXXXXXXXXXXXXXXXXXXXXXXXXXXXXXXXXXXXXXXXXXXXXXXXXXXXXXXXXXXXXXXXXXXXX

Final:
XXXXXXXXXXXXXXXXXXXXXXXXXXXXXXXXXXXXXXXXXXXXXXXXXXXXXXXXXXXXXXXXXXXXXXXXXXXXXXXXXXXXXXXXXXXXXXXXXXXXXXXXXXXXXXXXXXXXXXXXXX
X----------------:::::::::::::::::::----------------................                                                     X
X----------------::::::::::::::::::::----------------...............                                                     X
X---------------:::::::::::::::::::::----------------...............                                                     X
X--------------:::::::::::::::::::::::---------------...............                                                     X
X--------------::::::::::::::::::::::::--------------...............                                                     X
X-------------:::::::::::::::::::::::::--------------...............                                                     X
X------------:::::::::::::::::::::::::::-------------...............                                                     X
X-----------:::::::::::::::::::::::::::::-------------...............                                                    X
X----------:::::::::::::::::::::::::::::::------------...............                                                    X
X---------:::::::::::::::::::::::::::::::::-----------...............                                                    X
X--------:::::::::::::::::::::::::::::::::::-----------..............                                                    X
X-------::::::::::::::::::::::::::::::::::::-----------..............                                                    X
X------:::::::::::::::::::::===::::::::::::::----------..............                                                    X
X-----::::::::::::::::::===========:::::::::::----------.............                                                    X
X---::::::::::::::::::===============:::::::::----------.............                                                    X
X--:::::::::::::::::===================::::::::---------.............                                                    X
X::::::::::::::::::=====================::::::::--------.............                                                    X
X:::::::::::::::::=======================:::::::---------............                                                    X
X::::::::::::::::=========+++++++++=======:::::::--------.............                                                   X
X:::::::::::::::========+++++++++++++======::::::--------.............                                                   X
X:::::::::::::::=======+++++++++++++++=====::::::--------.............                                                   X
X::::::::::::::=======++++++******+++++=====::::::-------.............                                                   X
X::::::::::::::======+++++**********++++====::::::-------.............                                                   X
X:::::::::::::======++++*****^^^^****++++====:::::--------............                                                   X
X:::::::::::::======++++***^^^^^^^^***+++====:::::--------............                                                   X
X:::::::::::::=====++++***^^XXXXXX^^***+++===:::::--------............                                                   X
X:::::::::::::=====++++**^^XX####XX^^**+++====:::::-------............                                                   X
X::::::::::::======+++***^XX#%%%%#XX^**+++====:::::-------............                                                   X
X::::::::::::======+++**^^X#%@@@@%#X^**+++====:::::-------............                                                   X
X::::::::::::======+++**^^X#%@@@@%#X^^**++====:::::-------............                                                   X
X:::::::::::::=====+++**^^X#%@@@@%#X^^**++====:::::-------...........                                                    X
X:::::::::::::=====+++**^^X#%@@@@%#X^**+++====::::--------...........                                                    X
X:::::::::::::=====+++***^XX#%%%%#XX^**+++===:::::-------............                                                    X
X:::::::::::::=====++++**^^XX####XX^^**+++===:::::-------............                                                    X
X::::::::::::::=====+++***^^XXXXXX^^**+++====:::::-------............                                                    X
X-:::::::::::::=====++++***^^^^^^^^***+++====:::::-------............                                                    X
X---::::::::::::=====++++*****^^*****+++====:::::--------............                                                    X
X----:::::::::::======++++*********++++=====:::::-------............                                                     X
X------::::::::::======+++++++**++++++=====:::::--------............                                                     X
X-------::::::::::======+++++++++++++=====::::::-------.............                                                     X
X--------::::::::::=======+++++++++======::::::--------............                                                      X
X---------::::::::::====================::::::---------............                                                      X
X----------:::::::::::=================:::::::--------.............                                                      X
X------------:::::::::::=============::::::::--------.............                                                       X
X-------------:::::::::::::======:::::::::::---------.............                                                       X
X---------------::::::::::::::::::::::::::----------.............                                                        X
X----------------::::::::::::::::::::::::----------..............                                                        X
X------------------::::::::::::::::::::-----------..............                                                         X
X---------------------:::::::::::::::------------...............                                                         X
X--------------------------:::::----------------...............                                                          X
X----------------------------------------------................                                                          X
X.--------------------------------------------................                                                           X
X.......------------------------------------.................                                                            X
X..........--------------------------------.................                                                             X
X.............--------------------------....................                                                             X
X.................--------------------.....................                                                              X
X.......................---------.........................                                                               X
X........................................................                                                                X
X.......................................................                                                                 X
X.....................................................                                                                   X
X....................................................                                                                    X
X...................................................                                                                     X
X.................................................                                                                       X
X...............................................                                                                         X
X.............................................                                                                           X
X...........................................                                                                             X
X........................................                                                                                X
X       ..............................                                                                                   X
X                  ............                                                                                          X
X                                                                                                                        X
X                                                                                                                        X
X                                                                                                                        X
X                                                                                                                        X
X                                                                                                                        X
X                                                                                                                        X
X                                                                                                                        X
X                                                                                                                        X
X                                                                                                                        X
X                                                                                                                        X
X                                                                                                                        X
X                                                                                                                        X
X                                                                                                                        X
X                                                                                                                        X
X                                                                                                                        X
X                                                                                                                        X
X                                                                                                                        X
X                                                                                                                        X
X                                                                                                                        X
X                                                                                                                        X
X                                                                                                                        X
X                                                                                                                        X
X                                                                                                                        X
X                                                                                                                        X
X                                                                                                                        X
X                                                                                                                        X
X                                                                                                                        X
X                                                                                                                        X
X                                                                                                                        X
X                                                                                                                        X
X                                                                                                                        X
X                                                                                                                        X
X                                                                                                                        X
X                                                                                                                        X
X                                                                                                                        X
X                                                                                                                        X
X                                                                                                                        X
X                                                                                                                        X
X                                                                                                                        X
X                                                                                                                        X
X                                                                                                                        X
X                                                                                                                        X
X                                                                                                                        X
X                                                                                                                        X
X                                                                                                                        X
X                                                                                                                        X
X                                                                                                                        X
X                                                                                                                        X
X                                                                                                                        X
X                                                                                                                        X
X                                                                                                                        X
XXXXXXXXXXXXXXXXXXXXXXXXXXXXXXXXXXXXXXXXXXXXXXXXXXXXXXXXXXXXXXXXXXXXXXXXXXXXXXXXXXXXXXXXXXXXXXXXXXXXXXXXXXXXXXXXXXXXXXXXXX

Verification: OK
Time: 32.050872s
$!N_480{1, 32.1317}
