--------------------------------------------------------------------------
By default, for Open MPI 4.0 and later, infiniband ports on a device
are not used by default.  The intent is to use UCX for these devices.
You can override this policy by setting the btl_openib_allow_ib MCA parameter
to true.

  Local host:              n001
  Local adapter:           mlx4_0
  Local port:              1

--------------------------------------------------------------------------
--------------------------------------------------------------------------
WARNING: There was an error initializing an OpenFabrics device.

  Local host:   n001
  Local device: mlx4_0
--------------------------------------------------------------------------
N=384
T=38400
R=96
Step t=0:
XXXXXXXXXXXXXXXXXXXXXXXXXXXXXXXXXXXXXXXXXXXXXXXXXXXXXXXXXXXXXXXXXXXXXXXXXXXXXXXXXXXXXXXXXXXXXXXXXXXXXXXXXXXXXXXXXXXXXXXXXX
X                                                                                                                        X
X                                                                                                                        X
X                                                                                                                        X
X                                                                                                                        X
X                                                                                                                        X
X                                                                                                                        X
X                                                                                                                        X
X                                                                                                                        X
X                                                                                                                        X
X                                                                                                                        X
X                                                                                                                        X
X                                                                                                                        X
X                                                                                                                        X
X                                                                                                                        X
X                                                                                                                        X
X                                                                                                                        X
X                                                                                                                        X
X                                                                                                                        X
X                                                                                                                        X
X                                                                                                                        X
X                                                                                                                        X
X                                                                                                                        X
X                                                                                                                        X
X                                                                                                                        X
X                                                                                                                        X
X                                                                                                                        X
X                                                                                                                        X
X                                                                                                                        X
X                                                                                                                        X
X                                                                                                                        X
X                                                                                                                        X
X                                =                                                                                       X
X                               =@                                                                                       X
X                                                                                                                        X
X                                                                                                                        X
X                                                                                                                        X
X                                                                                                                        X
X                                                                                                                        X
X                                                                                                                        X
X                                                                                                                        X
X                                                                                                                        X
X                                                                                                                        X
X                                                                                                                        X
X                                                                                                                        X
X                                                                                                                        X
X                                                                                                                        X
X                                                                                                                        X
X                                                                                                                        X
X                                                                                                                        X
X                                                                                                                        X
X                                                                                                                        X
X                                                                                                                        X
X                                                                                                                        X
X                                                                                                                        X
X                                                                                                                        X
X                                                                                                                        X
X                                                                                                                        X
X                                                                                                                        X
X                                                                                                                        X
X                                                                                                                        X
X                                                                                                                        X
X                                                                                                                        X
X                                                                                                                        X
X                                                                                                                        X
X                                                                                                                        X
X                                                                                                                        X
X                                                                                                                        X
X                                                                                                                        X
X                                                                                                                        X
X                                                                                                                        X
X                                                                                                                        X
X                                                                                                                        X
X                                                                                                                        X
X                                                                                                                        X
X                                                                                                                        X
X                                                                                                                        X
X                                                                                                                        X
X                                                                                                                        X
X                                                                                                                        X
X                                                                                                                        X
X                                                                                                                        X
X                                                                                                                        X
X                                                                                                                        X
X                                                                                                                        X
X                                                                                                                        X
X                                                                                                                        X
X                                                                                                                        X
X                                                                                                                        X
X                                                                                                                        X
X                                                                                                                        X
X                                                                                                                        X
X                                                                                                                        X
X                                                                                                                        X
X                                                                                                                        X
X                                                                                                                        X
X                                                                                                                        X
X                                                                                                                        X
X                                                                                                                        X
X                                                                                                                        X
X                                                                                                                        X
X                                                                                                                        X
X                                                                                                                        X
X                                                                                                                        X
X                                                                                                                        X
X                                                                                                                        X
X                                                                                                                        X
X                                                                                                                        X
X                                                                                                                        X
X                                                                                                                        X
X                                                                                                                        X
X                                                                                                                        X
X                                                                                                                        X
X                                                                                                                        X
X                                                                                                                        X
X                                                                                                                        X
X                                                                                                                        X
X                                                                                                                        X
X                                                                                                                        X
X                                                                                                                        X
X                                                                                                                        X
XXXXXXXXXXXXXXXXXXXXXXXXXXXXXXXXXXXXXXXXXXXXXXXXXXXXXXXXXXXXXXXXXXXXXXXXXXXXXXXXXXXXXXXXXXXXXXXXXXXXXXXXXXXXXXXXXXXXXXXXXX

Step t=10000:
XXXXXXXXXXXXXXXXXXXXXXXXXXXXXXXXXXXXXXXXXXXXXXXXXXXXXXXXXXXXXXXXXXXXXXXXXXXXXXXXXXXXXXXXXXXXXXXXXXXXXXXXXXXXXXXXXXXXXXXXXX
X                                                                                                                        X
X                                                                                                                        X
X                                                                                                                        X
X                                                                                                                        X
X                                                                                                                        X
X                                                                                                                        X
X                              ....                                                                                      X
X                          .............                                                                                 X
X                       ..................                                                                               X
X                     ......................                                                                             X
X                    ........................                                                                            X
X                  ............................                                                                          X
X                 ..............................                                                                         X
X                ................................                                                                        X
X               ..................................                                                                       X
X              ..............--------..............                                                                      X
X             ............--------------............                                                                     X
X            ...........------------------..........                                                                     X
X           ...........--------------------..........                                                                    X
X           ..........----------::-----------.........                                                                   X
X          ..........-------::::::::::--------........                                                                   X
X         ..........------::::::::::::::------.........                                                                  X
X         .........------:::::::===:::::::-----........                                                                  X
X        .........------::::==========:::::-----........                                                                 X
X        .........-----::::============::::-----........                                                                 X
X        ........-----::::===++++++++===::::-----.......                                                                 X
X       .........-----:::===+++****+++===::::----.......                                                                 X
X       .........----:::===++***^^***++===:::----........                                                                X
X       ........-----:::==++**^^XX^^**++==:::-----.......                                                                X
X       ........-----:::==++*^XX###X^**+===:::----.......                                                                X
X      .........-----:::==+**^X%@@%#X^*++==:::----.......                                                                X
X      .........----:::===+*^X#@@@@%X^*++==:::----.......                                                                X
X      .........----:::===+*^X#@@@@%X^*++==:::----.......                                                                X
X      .........-----::===+**^#%@@@#X^*++==:::----.......                                                                X
X       ........-----:::==++*^X#%%#X^**+===:::----.......                                                                X
X       ........-----:::==++**^XXXX^^*++==:::-----.......                                                                X
X       .........----:::===++**^^^^**++===:::----........                                                                X
X       .........-----:::===++******+++==::::----.......                                                                 X
X       .........-----::::===++++++++====:::-----.......                                                                 X
X        .........-----::::====++++=====::::----........                                                                 X
X        .........-----:::::==========:::::-----........                                                                 X
X         .........-----::::::======::::::-----........                                                                  X
X         ..........------:::::::::::::::------........                                                                  X
X          .........-------::::::::::::-------........                                                                   X
X           .........---------::::::---------.........                                                                   X
X           ...........---------------------.........                                                                    X
X            ...........------------------..........                                                                     X
X             ............--------------............                                                                     X
X              ..............--------..............                                                                      X
X               ..................................                                                                       X
X                ................................                                                                        X
X                  ............................                                                                          X
X                   ..........................                                                                           X
X                     ......................                                                                             X
X                       ..................                                                                               X
X                           ..........                                                                                   X
X                                                                                                                        X
X                                                                                                                        X
X                                                                                                                        X
X                                                                                                                        X
X                                                                                                                        X
X                                                                                                                        X
X                                                                                                                        X
X                                                                                                                        X
X                                                                                                                        X
X                                                                                                                        X
X                                                                                                                        X
X                                                                                                                        X
X                                                                                                                        X
X                                                                                                                        X
X                                                                                                                        X
X                                                                                                                        X
X                                                                                                                        X
X                                                                                                                        X
X                                                                                                                        X
X                                                                                                                        X
X                                                                                                                        X
X                                                                                                                        X
X                                                                                                                        X
X                                                                                                                        X
X                                                                                                                        X
X                                                                                                                        X
X                                                                                                                        X
X                                                                                                                        X
X                                                                                                                        X
X                                                                                                                        X
X                                                                                                                        X
X                                                                                                                        X
X                                                                                                                        X
X                                                                                                                        X
X                                                                                                                        X
X                                                                                                                        X
X                                                                                                                        X
X                                                                                                                        X
X                                                                                                                        X
X                                                                                                                        X
X                                                                                                                        X
X                                                                                                                        X
X                                                                                                                        X
X                                                                                                                        X
X                                                                                                                        X
X                                                                                                                        X
X                                                                                                                        X
X                                                                                                                        X
X                                                                                                                        X
X                                                                                                                        X
X                                                                                                                        X
X                                                                                                                        X
X                                                                                                                        X
X                                                                                                                        X
X                                                                                                                        X
X                                                                                                                        X
X                                                                                                                        X
X                                                                                                                        X
X                                                                                                                        X
X                                                                                                                        X
X                                                                                                                        X
X                                                                                                                        X
X                                                                                                                        X
X                                                                                                                        X
XXXXXXXXXXXXXXXXXXXXXXXXXXXXXXXXXXXXXXXXXXXXXXXXXXXXXXXXXXXXXXXXXXXXXXXXXXXXXXXXXXXXXXXXXXXXXXXXXXXXXXXXXXXXXXXXXXXXXXXXXX

[n001.intern.lcc3.intra.uibk.ac.at:1152990] 95 more processes have sent help message help-mpi-btl-openib.txt / ib port not selected
[n001.intern.lcc3.intra.uibk.ac.at:1152990] Set MCA parameter "orte_base_help_aggregate" to 0 to see all help / error messages
[n001.intern.lcc3.intra.uibk.ac.at:1152990] 95 more processes have sent help message help-mpi-btl-openib.txt / error in device init
Step t=20000:
XXXXXXXXXXXXXXXXXXXXXXXXXXXXXXXXXXXXXXXXXXXXXXXXXXXXXXXXXXXXXXXXXXXXXXXXXXXXXXXXXXXXXXXXXXXXXXXXXXXXXXXXXXXXXXXXXXXXXXXXXX
X.......................---------------.....................                                                             X
X......................----------------.....................                                                             X
X......................-----------------....................                                                             X
X.....................-------------------...................                                                             X
X....................---------------------...................                                                            X
X...................-----------------------..................                                                            X
X..................-------------------------.................                                                            X
X.................---------------------------................                                                            X
X................-----------------------------................                                                           X
X..............--------------------------------...............                                                           X
X.............----------------------------------..............                                                           X
X............-----------------------------------...............                                                          X
X...........-------------------------------------..............                                                          X
X..........------------------:::::::--------------.............                                                          X
X.........----------------:::::::::::::------------.............                                                         X
X.........--------------:::::::::::::::::----------.............                                                         X
X........-------------:::::::::::::::::::::---------............                                                         X
X.......-------------:::::::::::::::::::::::---------...........                                                         X
X......-------------:::::::::::====::::::::::--------............                                                        X
X.....-------------::::::::===========::::::::--------...........                                                        X
X....-------------:::::::===============:::::::-------...........                                                        X
X...-------------:::::::==================:::::-------...........                                                        X
X.---------------::::::======++++++++======:::::-------...........                                                       X
X---------------::::::=====++++++++++++====:::::-------...........                                                       X
X---------------:::::=====+++++****+++++====:::::------...........                                                       X
X--------------::::::====++++*********+++====::::-------..........                                                       X
X--------------:::::====+++****^^^^^***+++===:::::------..........                                                       X
X--------------:::::====+++**^^^XX^^^***++===:::::------..........                                                       X
X-------------::::::===+++**^^XX##XX^^**+++===::::------..........                                                       X
X-------------::::::===+++**^X##%%%#X^^**++===::::------..........                                                       X
X-------------:::::====++**^^X#@@@@%#X^**++===::::------..........                                                       X
X-------------:::::====++**^X#%@@@@%#X^**++===::::------..........                                                       X
X-------------:::::====++**^X#%@@@@%#X^**++===::::------..........                                                       X
X-------------:::::====++**^^X%@@@@%#X^**++===::::------..........                                                       X
X-------------::::::===+++*^^X#%%%%#X^^**++===::::------..........                                                       X
X--------------:::::===+++**^^X####XX^**+++===::::------..........                                                       X
X--------------:::::====++***^^XXXX^^***++===:::::------..........                                                       X
X--------------::::::===+++***^^^^^^***+++===::::-------..........                                                       X
X..-------------:::::====+++**********+++====::::------...........                                                       X
X...------------::::::====++++******++++====:::::------..........                                                        X
X....------------:::::=====++++++++++++====:::::-------..........                                                        X
X.....-----------::::::======++++++++=====:::::-------...........                                                        X
X......-----------:::::::================::::::-------..........                                                         X
X.......-----------:::::::==============::::::-------...........                                                         X
X........-----------:::::::::========::::::::--------...........                                                         X
X.........-----------:::::::::::::::::::::::--------...........                                                          X
X..........------------:::::::::::::::::::---------............                                                          X
X............------------::::::::::::::::---------............                                                           X
X.............-------------:::::::::::-----------.............                                                           X
X..............---------------------------------.............                                                            X
X................------------------------------..............                                                            X
X.................----------------------------..............                                                             X
X...................------------------------...............                                                              X
X......................-------------------................                                                               X
X.........................-------------..................                                                                X
X.......................................................                                                                 X
X......................................................                                                                  X
X.....................................................                                                                   X
X....................................................                                                                    X
X    ...............................................                                                                     X
X        .........................................                                                                       X
X           ....................................                                                                         X
X              ...............................                                                                           X
X                  ........................                                                                              X
X                      .................                                                                                 X
X                                                                                                                        X
X                                                                                                                        X
X                                                                                                                        X
X                                                                                                                        X
X                                                                                                                        X
X                                                                                                                        X
X                                                                                                                        X
X                                                                                                                        X
X                                                                                                                        X
X                                                                                                                        X
X                                                                                                                        X
X                                                                                                                        X
X                                                                                                                        X
X                                                                                                                        X
X                                                                                                                        X
X                                                                                                                        X
X                                                                                                                        X
X                                                                                                                        X
X                                                                                                                        X
X                                                                                                                        X
X                                                                                                                        X
X                                                                                                                        X
X                                                                                                                        X
X                                                                                                                        X
X                                                                                                                        X
X                                                                                                                        X
X                                                                                                                        X
X                                                                                                                        X
X                                                                                                                        X
X                                                                                                                        X
X                                                                                                                        X
X                                                                                                                        X
X                                                                                                                        X
X                                                                                                                        X
X                                                                                                                        X
X                                                                                                                        X
X                                                                                                                        X
X                                                                                                                        X
X                                                                                                                        X
X                                                                                                                        X
X                                                                                                                        X
X                                                                                                                        X
X                                                                                                                        X
X                                                                                                                        X
X                                                                                                                        X
X                                                                                                                        X
X                                                                                                                        X
X                                                                                                                        X
X                                                                                                                        X
X                                                                                                                        X
X                                                                                                                        X
X                                                                                                                        X
X                                                                                                                        X
X                                                                                                                        X
X                                                                                                                        X
XXXXXXXXXXXXXXXXXXXXXXXXXXXXXXXXXXXXXXXXXXXXXXXXXXXXXXXXXXXXXXXXXXXXXXXXXXXXXXXXXXXXXXXXXXXXXXXXXXXXXXXXXXXXXXXXXXXXXXXXXX

Step t=30000:
XXXXXXXXXXXXXXXXXXXXXXXXXXXXXXXXXXXXXXXXXXXXXXXXXXXXXXXXXXXXXXXXXXXXXXXXXXXXXXXXXXXXXXXXXXXXXXXXXXXXXXXXXXXXXXXXXXXXXXXXXX
X----------------:::::::::::::::::::::::----------------.................                                                X
X----------------:::::::::::::::::::::::----------------.................                                                X
X---------------::::::::::::::::::::::::----------------.................                                                X
X---------------:::::::::::::::::::::::::---------------.................                                                X
X--------------:::::::::::::::::::::::::::---------------................                                                X
X-------------::::::::::::::::::::::::::::---------------................                                                X
X------------::::::::::::::::::::::::::::::--------------................                                                X
X------------:::::::::::::::::::::::::::::::-------------................                                                X
X-----------:::::::::::::::::::::::::::::::::-------------...............                                                X
X----------:::::::::::::::::::::::::::::::::::------------...............                                                X
X---------::::::::::::::::::::::::::::::::::::------------...............                                                X
X--------::::::::::::::::::::::::::::::::::::::-----------...............                                                X
X------:::::::::::::::::::::::::::::::::::::::::-----------..............                                                X
X-----:::::::::::::::::::::=========:::::::::::::----------...............                                               X
X----:::::::::::::::::::===============::::::::::----------...............                                               X
X--:::::::::::::::::::===================:::::::::----------..............                                               X
X::::::::::::::::::::=====================::::::::----------..............                                               X
X:::::::::::::::::::=======================::::::::---------..............                                               X
X::::::::::::::::::============++===========:::::::---------..............                                               X
X:::::::::::::::::=========+++++++++++=======:::::::---------.............                                               X
X::::::::::::::::========++++++++++++++=======::::::---------.............                                               X
X:::::::::::::::========+++++++++++++++++=====:::::::--------.............                                               X
X:::::::::::::::=======+++++++******++++++=====::::::--------.............                                               X
X::::::::::::::=======+++++***********+++++====::::::--------.............                                               X
X::::::::::::::======+++++*************++++=====::::::--------............                                               X
X::::::::::::::======++++****^^^^^^^^***++++====::::::--------............                                               X
X:::::::::::::======++++****^^^^XXX^^^***+++====::::::--------............                                               X
X:::::::::::::======++++***^^XXXXXXXX^^***+++====:::::--------............                                               X
X:::::::::::::======++++**^^XX######XX^^**+++====:::::--------............                                               X
X:::::::::::::======+++***^^X##%@@%%#X^^**+++====:::::--------............                                               X
X:::::::::::::=====++++***^^X#%@@@@%#XX^**+++====:::::--------............                                               X
X:::::::::::::=====++++***^XX#@@@@@@%XX^**+++====:::::--------............                                               X
X:::::::::::::======+++***^XX#@@@@@@%XX^**+++====:::::--------............                                               X
X:::::::::::::======+++***^XX#%@@@@@#XX^**+++====:::::--------............                                               X
X:::::::::::::======+++***^^X#%%@@@%#X^^**+++====:::::-------.............                                               X
X::::::::::::::=====++++**^^XX##%%##XX^^**+++====:::::-------.............                                               X
X::::::::::::::=====++++***^^XXXXXXXX^^**+++====::::::-------.............                                               X
X::::::::::::::======++++***^^^XXXX^^^***+++====:::::--------............                                                X
X:::::::::::::::======++++***^^^^^^^^***+++=====:::::--------............                                                X
X---::::::::::::======+++++************++++====::::::-------.............                                                X
X----::::::::::::======+++++*********+++++====::::::--------.............                                                X
X------:::::::::::======+++++++++++++++++=====::::::--------............                                                 X
X-------:::::::::::=======+++++++++++++======::::::--------.............                                                 X
X--------:::::::::::========+++++++++=======::::::---------.............                                                 X
X---------:::::::::::======================:::::::--------.............                                                  X
X-----------:::::::::::==================::::::::---------.............                                                  X
X------------::::::::::::===============::::::::---------..............                                                  X
X-------------::::::::::::::=========::::::::::---------..............                                                   X
X---------------::::::::::::::::::::::::::::::----------..............                                                   X
X-----------------::::::::::::::::::::::::::-----------..............                                                    X
X-------------------:::::::::::::::::::::::-----------...............                                                    X
X---------------------:::::::::::::::::::------------...............                                                     X
X------------------------:::::::::::::--------------................                                                     X
X--------------------------------------------------................                                                      X
X-------------------------------------------------................                                                       X
X....-------------------------------------------..................                                                       X
X........--------------------------------------..................                                                        X
X............--------------------------------...................                                                         X
X...............---------------------------....................                                                          X
X...................--------------------......................                                                           X
X........................----------..........................                                                            X
X...........................................................                                                             X
X..........................................................                                                              X
X.........................................................                                                               X
X........................................................                                                                X
X......................................................                                                                  X
X.....................................................                                                                   X
X...................................................                                                                     X
X.................................................                                                                       X
X...............................................                                                                         X
X............................................                                                                            X
X.........................................                                                                               X
X             ........................                                                                                   X
X                                                                                                                        X
X                                                                                                                        X
X                                                                                                                        X
X                                                                                                                        X
X                                                                                                                        X
X                                                                                                                        X
X                                                                                                                        X
X                                                                                                                        X
X                                                                                                                        X
X                                                                                                                        X
X                                                                                                                        X
X                                                                                                                        X
X                                                                                                                        X
X                                                                                                                        X
X                                                                                                                        X
X                                                                                                                        X
X                                                                                                                        X
X                                                                                                                        X
X                                                                                                                        X
X                                                                                                                        X
X                                                                                                                        X
X                                                                                                                        X
X                                                                                                                        X
X                                                                                                                        X
X                                                                                                                        X
X                                                                                                                        X
X                                                                                                                        X
X                                                                                                                        X
X                                                                                                                        X
X                                                                                                                        X
X                                                                                                                        X
X                                                                                                                        X
X                                                                                                                        X
X                                                                                                                        X
X                                                                                                                        X
X                                                                                                                        X
X                                                                                                                        X
X                                                                                                                        X
X                                                                                                                        X
X                                                                                                                        X
X                                                                                                                        X
X                                                                                                                        X
X                                                                                                                        X
X                                                                                                                        X
X                                                                                                                        X
X                                                                                                                        X
X                                                                                                                        X
XXXXXXXXXXXXXXXXXXXXXXXXXXXXXXXXXXXXXXXXXXXXXXXXXXXXXXXXXXXXXXXXXXXXXXXXXXXXXXXXXXXXXXXXXXXXXXXXXXXXXXXXXXXXXXXXXXXXXXXXXX

Final:
XXXXXXXXXXXXXXXXXXXXXXXXXXXXXXXXXXXXXXXXXXXXXXXXXXXXXXXXXXXXXXXXXXXXXXXXXXXXXXXXXXXXXXXXXXXXXXXXXXXXXXXXXXXXXXXXXXXXXXXXXX
X:::::::::::::::::::::::=======::::::::::::::::::::-------------.................                                        X
X:::::::::::::::::::::::========:::::::::::::::::::-------------.................                                        X
X:::::::::::::::::::::===========::::::::::::::::::-------------.................                                        X
X::::::::::::::::::::=============:::::::::::::::::-------------.................                                        X
X:::::::::::::::::::===============::::::::::::::::-------------.................                                        X
X::::::::::::::::::==================:::::::::::::::------------.................                                        X
X:::::::::::::::::====================::::::::::::::------------.................                                        X
X:::::::::::::::=======================:::::::::::::------------.................                                        X
X::::::::::::::=========================:::::::::::::-----------.................                                        X
X:::::::::::::===========================::::::::::::------------................                                        X
X::::::::::::=============================:::::::::::------------................                                        X
X:::::::::::===============================:::::::::::-----------................                                        X
X::::::::::=================================::::::::::-----------................                                        X
X:::::::::===================================:::::::::-----------................                                        X
X::::::::=====================================:::::::::----------................                                        X
X:::::::==================++++++++++===========::::::::----------................                                        X
X:::::::================++++++++++++++=========::::::::-----------...............                                        X
X::::::===============++++++++++++++++++========::::::::----------...............                                        X
X:::::===============++++++++++++++++++++=======::::::::----------...............                                        X
X::::===============++++++++++++++++++++++=======:::::::----------...............                                        X
X:::===============+++++++++********+++++++======::::::::---------...............                                        X
X::===============++++++++************++++++======:::::::---------...............                                        X
X::===============+++++++***************+++++=====:::::::---------...............                                        X
X================+++++++******^^^^^^*****++++======::::::---------...............                                        X
X================++++++*****^^^^^^^^^^****++++=====::::::---------...............                                        X
X===============++++++*****^^^^XXX^^^^^***++++=====::::::---------...............                                        X
X===============++++++****^^^XXXXXXXX^^^***+++=====::::::---------...............                                        X
X===============+++++****^^^XXX####XXX^^***++++====:::::::--------...............                                        X
X===============+++++****^^XX##%%%%##XX^^**++++====:::::::--------...............                                        X
X===============+++++***^^^XX#%%@@@%#XX^^***+++====:::::::--------...............                                        X
X:==============+++++***^^XX#%%@@@@@%#X^^***+++====:::::::--------..............                                         X
X::=============+++++***^^XX#%@@@@@@%#X^^***+++====::::::---------..............                                         X
X:::============+++++***^^XX#%@@@@@@%#X^^***+++====::::::---------..............                                         X
X::::===========+++++***^^^X#%@@@@@@%#X^^***+++====::::::---------..............                                         X
X:::::==========+++++***^^^XX#%@@@@%#XX^^***+++====::::::---------..............                                         X
X:::::===========+++++***^^XX##%%%%##XX^^**++++====::::::--------...............                                         X
X::::::==========+++++***^^^XXX####XXX^^***+++=====::::::--------...............                                         X
X:::::::==========+++++***^^^XXXXXXXX^^***++++====::::::---------..............                                          X
X::::::::=========+++++****^^^^^^^^^^^****+++=====::::::---------..............                                          X
X:::::::::=========+++++*****^^^^^^^^****++++=====::::::--------...............                                          X
X::::::::::=========+++++***************++++=====::::::---------...............                                          X
X:::::::::::=========++++++***********+++++=====:::::::---------..............                                           X
X::::::::::::=========++++++++******++++++======::::::---------...............                                           X
X:::::::::::::=========++++++++++++++++++======:::::::---------...............                                           X
X::::::::::::::==========++++++++++++++=======:::::::----------..............                                            X
X:::::::::::::::============+++++++++========::::::::---------...............                                            X
X:::::::::::::::::==========================::::::::----------...............                                            X
X:::::::::::::::::::======================:::::::::----------...............                                             X
X:::::::::::::::::::::===================:::::::::----------................                                             X
X:::::::::::::::::::::::==============:::::::::::-----------...............                                              X
X-----::::::::::::::::::::::::::::::::::::::::::-----------................                                              X
X--------::::::::::::::::::::::::::::::::::::::-----------................                                               X
X-----------:::::::::::::::::::::::::::::::::------------.................                                               X
X--------------::::::::::::::::::::::::::::--------------................                                                X
X-----------------:::::::::::::::::::::::---------------.................                                                X
X--------------------:::::::::::::::::-----------------.................                                                 X
X---------------------------::::---------------------..................                                                  X
X---------------------------------------------------...................                                                  X
X--------------------------------------------------...................                                                   X
X------------------------------------------------....................                                                    X
X-----------------------------------------------....................                                                     X
X---------------------------------------------......................                                                     X
X------------------------------------------........................                                                      X
X.........------------------------------..........................                                                       X
X................-------------------.............................                                                        X
X...............................................................                                                         X
X..............................................................                                                          X
X............................................................                                                            X
X...........................................................                                                             X
X..........................................................                                                              X
X........................................................                                                                X
X.......................................................                                                                 X
X.....................................................                                                                   X
X...................................................                                                                     X
X.................................................                                                                       X
X...............................................                                                                         X
X............................................                                                                            X
X.........................................                                                                               X
X.....................................                                                                                   X
X..............................                                                                                          X
X                                                                                                                        X
X                                                                                                                        X
X                                                                                                                        X
X                                                                                                                        X
X                                                                                                                        X
X                                                                                                                        X
X                                                                                                                        X
X                                                                                                                        X
X                                                                                                                        X
X                                                                                                                        X
X                                                                                                                        X
X                                                                                                                        X
X                                                                                                                        X
X                                                                                                                        X
X                                                                                                                        X
X                                                                                                                        X
X                                                                                                                        X
X                                                                                                                        X
X                                                                                                                        X
X                                                                                                                        X
X                                                                                                                        X
X                                                                                                                        X
X                                                                                                                        X
X                                                                                                                        X
X                                                                                                                        X
X                                                                                                                        X
X                                                                                                                        X
X                                                                                                                        X
X                                                                                                                        X
X                                                                                                                        X
X                                                                                                                        X
X                                                                                                                        X
X                                                                                                                        X
X                                                                                                                        X
X                                                                                                                        X
X                                                                                                                        X
X                                                                                                                        X
X                                                                                                                        X
X                                                                                                                        X
X                                                                                                                        X
XXXXXXXXXXXXXXXXXXXXXXXXXXXXXXXXXXXXXXXXXXXXXXXXXXXXXXXXXXXXXXXXXXXXXXXXXXXXXXXXXXXXXXXXXXXXXXXXXXXXXXXXXXXXXXXXXXXXXXXXXX

Verification: OK
Time: 9.904400s
$!N_384{96, 9.9335}
