--------------------------------------------------------------------------
By default, for Open MPI 4.0 and later, infiniband ports on a device
are not used by default.  The intent is to use UCX for these devices.
You can override this policy by setting the btl_openib_allow_ib MCA parameter
to true.

  Local host:              n001
  Local adapter:           mlx4_0
  Local port:              1

--------------------------------------------------------------------------
--------------------------------------------------------------------------
WARNING: There was an error initializing an OpenFabrics device.

  Local host:   n001
  Local device: mlx4_0
--------------------------------------------------------------------------
N: 192, size: 2
N: 192, size: 2
[n001.intern.lcc3.intra.uibk.ac.at:1153139] 1 more process has sent help message help-mpi-btl-openib.txt / ib port not selected
[n001.intern.lcc3.intra.uibk.ac.at:1153139] Set MCA parameter "orte_base_help_aggregate" to 0 to see all help / error messages
[n001.intern.lcc3.intra.uibk.ac.at:1153139] 1 more process has sent help message help-mpi-btl-openib.txt / error in device init
--------------------------------------------------------------------------
ORTE has lost communication with a remote daemon.

  HNP daemon   : [[39262,0],0] on node n001
  Remote daemon: [[39262,0],6] on node n007

This is usually due to either a failure of the TCP network
connection to the node, or possibly an internal failure of
the daemon itself. We cannot recover from this failure, and
therefore will terminate the job.
--------------------------------------------------------------------------
slurmstepd-n001: error: *** JOB 10827 ON n001 CANCELLED AT 2023-10-23T10:01:47 ***
